{"D:\\DE\\DE_HW_1\\JS\\arrays.js": {"path":"D:\\DE\\DE_HW_1\\JS\\arrays.js","all":false,"statementMap":{"0":{"start":{"line":1,"column":0},"end":{"line":1,"column":9}},"1":{"start":{"line":2,"column":0},"end":{"line":2,"column":0}},"2":{"start":{"line":3,"column":0},"end":{"line":3,"column":20}},"3":{"start":{"line":4,"column":0},"end":{"line":4,"column":46}},"4":{"start":{"line":5,"column":0},"end":{"line":5,"column":22}},"5":{"start":{"line":6,"column":0},"end":{"line":6,"column":41}},"6":{"start":{"line":7,"column":0},"end":{"line":7,"column":25}},"7":{"start":{"line":8,"column":0},"end":{"line":8,"column":24}},"8":{"start":{"line":9,"column":0},"end":{"line":9,"column":9}},"9":{"start":{"line":10,"column":0},"end":{"line":10,"column":5}},"10":{"start":{"line":11,"column":0},"end":{"line":11,"column":16}},"11":{"start":{"line":12,"column":0},"end":{"line":12,"column":5}},"12":{"start":{"line":13,"column":0},"end":{"line":13,"column":23}},"13":{"start":{"line":14,"column":0},"end":{"line":14,"column":1}},"14":{"start":{"line":15,"column":0},"end":{"line":15,"column":0}},"15":{"start":{"line":16,"column":0},"end":{"line":16,"column":41}},"16":{"start":{"line":17,"column":0},"end":{"line":17,"column":43}},"17":{"start":{"line":18,"column":0},"end":{"line":18,"column":40}},"18":{"start":{"line":19,"column":0},"end":{"line":19,"column":0}},"19":{"start":{"line":20,"column":0},"end":{"line":20,"column":0}},"20":{"start":{"line":21,"column":0},"end":{"line":21,"column":9}},"21":{"start":{"line":22,"column":0},"end":{"line":22,"column":0}},"22":{"start":{"line":23,"column":0},"end":{"line":23,"column":20}},"23":{"start":{"line":24,"column":0},"end":{"line":24,"column":46}},"24":{"start":{"line":25,"column":0},"end":{"line":25,"column":22}},"25":{"start":{"line":26,"column":0},"end":{"line":26,"column":0}},"26":{"start":{"line":27,"column":0},"end":{"line":27,"column":38}},"27":{"start":{"line":28,"column":0},"end":{"line":28,"column":25}},"28":{"start":{"line":29,"column":0},"end":{"line":29,"column":24}},"29":{"start":{"line":30,"column":0},"end":{"line":30,"column":9}},"30":{"start":{"line":31,"column":0},"end":{"line":31,"column":5}},"31":{"start":{"line":32,"column":0},"end":{"line":32,"column":16}},"32":{"start":{"line":33,"column":0},"end":{"line":33,"column":5}},"33":{"start":{"line":34,"column":0},"end":{"line":34,"column":23}},"34":{"start":{"line":35,"column":0},"end":{"line":35,"column":1}},"35":{"start":{"line":36,"column":0},"end":{"line":36,"column":0}},"36":{"start":{"line":37,"column":0},"end":{"line":37,"column":41}},"37":{"start":{"line":38,"column":0},"end":{"line":38,"column":43}},"38":{"start":{"line":39,"column":0},"end":{"line":39,"column":40}},"39":{"start":{"line":40,"column":0},"end":{"line":40,"column":0}},"40":{"start":{"line":41,"column":0},"end":{"line":41,"column":9}},"41":{"start":{"line":42,"column":0},"end":{"line":42,"column":0}},"42":{"start":{"line":43,"column":0},"end":{"line":43,"column":21}},"43":{"start":{"line":44,"column":0},"end":{"line":44,"column":46}},"44":{"start":{"line":45,"column":0},"end":{"line":45,"column":18}},"45":{"start":{"line":46,"column":0},"end":{"line":46,"column":0}},"46":{"start":{"line":47,"column":0},"end":{"line":47,"column":38}},"47":{"start":{"line":48,"column":0},"end":{"line":48,"column":31}},"48":{"start":{"line":49,"column":0},"end":{"line":49,"column":20}},"49":{"start":{"line":50,"column":0},"end":{"line":50,"column":9}},"50":{"start":{"line":51,"column":0},"end":{"line":51,"column":5}},"51":{"start":{"line":52,"column":0},"end":{"line":52,"column":0}},"52":{"start":{"line":53,"column":0},"end":{"line":53,"column":17}},"53":{"start":{"line":54,"column":0},"end":{"line":54,"column":5}},"54":{"start":{"line":55,"column":0},"end":{"line":55,"column":23}},"55":{"start":{"line":56,"column":0},"end":{"line":56,"column":1}},"56":{"start":{"line":57,"column":0},"end":{"line":57,"column":0}},"57":{"start":{"line":58,"column":0},"end":{"line":58,"column":42}},"58":{"start":{"line":59,"column":0},"end":{"line":59,"column":44}},"59":{"start":{"line":60,"column":0},"end":{"line":60,"column":41}},"60":{"start":{"line":61,"column":0},"end":{"line":61,"column":0}},"61":{"start":{"line":62,"column":0},"end":{"line":62,"column":0}},"62":{"start":{"line":63,"column":0},"end":{"line":63,"column":9}},"63":{"start":{"line":64,"column":0},"end":{"line":64,"column":0}},"64":{"start":{"line":65,"column":0},"end":{"line":65,"column":21}},"65":{"start":{"line":66,"column":0},"end":{"line":66,"column":46}},"66":{"start":{"line":67,"column":0},"end":{"line":67,"column":18}},"67":{"start":{"line":68,"column":0},"end":{"line":68,"column":0}},"68":{"start":{"line":69,"column":0},"end":{"line":69,"column":38}},"69":{"start":{"line":70,"column":0},"end":{"line":70,"column":31}},"70":{"start":{"line":71,"column":0},"end":{"line":71,"column":20}},"71":{"start":{"line":72,"column":0},"end":{"line":72,"column":9}},"72":{"start":{"line":73,"column":0},"end":{"line":73,"column":5}},"73":{"start":{"line":74,"column":0},"end":{"line":74,"column":0}},"74":{"start":{"line":75,"column":0},"end":{"line":75,"column":17}},"75":{"start":{"line":76,"column":0},"end":{"line":76,"column":5}},"76":{"start":{"line":77,"column":0},"end":{"line":77,"column":23}},"77":{"start":{"line":78,"column":0},"end":{"line":78,"column":1}},"78":{"start":{"line":79,"column":0},"end":{"line":79,"column":0}},"79":{"start":{"line":80,"column":0},"end":{"line":80,"column":42}},"80":{"start":{"line":81,"column":0},"end":{"line":81,"column":44}},"81":{"start":{"line":82,"column":0},"end":{"line":82,"column":41}},"82":{"start":{"line":83,"column":0},"end":{"line":83,"column":0}},"83":{"start":{"line":84,"column":0},"end":{"line":84,"column":9}},"84":{"start":{"line":85,"column":0},"end":{"line":85,"column":0}},"85":{"start":{"line":86,"column":0},"end":{"line":86,"column":23}},"86":{"start":{"line":87,"column":0},"end":{"line":87,"column":46}},"87":{"start":{"line":88,"column":0},"end":{"line":88,"column":15}},"88":{"start":{"line":89,"column":0},"end":{"line":89,"column":0}},"89":{"start":{"line":90,"column":0},"end":{"line":90,"column":37}},"90":{"start":{"line":91,"column":0},"end":{"line":91,"column":22}},"91":{"start":{"line":92,"column":0},"end":{"line":92,"column":25}},"92":{"start":{"line":93,"column":0},"end":{"line":93,"column":9}},"93":{"start":{"line":94,"column":0},"end":{"line":94,"column":5}},"94":{"start":{"line":95,"column":0},"end":{"line":95,"column":14}},"95":{"start":{"line":96,"column":0},"end":{"line":96,"column":5}},"96":{"start":{"line":97,"column":0},"end":{"line":97,"column":23}},"97":{"start":{"line":98,"column":0},"end":{"line":98,"column":1}},"98":{"start":{"line":99,"column":0},"end":{"line":99,"column":0}},"99":{"start":{"line":100,"column":0},"end":{"line":100,"column":45}},"100":{"start":{"line":101,"column":0},"end":{"line":101,"column":44}},"101":{"start":{"line":102,"column":0},"end":{"line":102,"column":45}},"102":{"start":{"line":103,"column":0},"end":{"line":103,"column":0}},"103":{"start":{"line":104,"column":0},"end":{"line":104,"column":0}},"104":{"start":{"line":105,"column":0},"end":{"line":105,"column":9}},"105":{"start":{"line":106,"column":0},"end":{"line":106,"column":0}},"106":{"start":{"line":107,"column":0},"end":{"line":107,"column":21}},"107":{"start":{"line":108,"column":0},"end":{"line":108,"column":46}},"108":{"start":{"line":109,"column":0},"end":{"line":109,"column":0}},"109":{"start":{"line":110,"column":0},"end":{"line":110,"column":17}},"110":{"start":{"line":111,"column":0},"end":{"line":111,"column":37}},"111":{"start":{"line":112,"column":0},"end":{"line":112,"column":27}},"112":{"start":{"line":113,"column":0},"end":{"line":113,"column":5}},"113":{"start":{"line":114,"column":0},"end":{"line":114,"column":17}},"114":{"start":{"line":115,"column":0},"end":{"line":115,"column":5}},"115":{"start":{"line":116,"column":0},"end":{"line":116,"column":23}},"116":{"start":{"line":117,"column":0},"end":{"line":117,"column":1}},"117":{"start":{"line":118,"column":0},"end":{"line":118,"column":0}},"118":{"start":{"line":119,"column":0},"end":{"line":119,"column":48}},"119":{"start":{"line":120,"column":0},"end":{"line":120,"column":39}},"120":{"start":{"line":121,"column":0},"end":{"line":121,"column":33}},"121":{"start":{"line":122,"column":0},"end":{"line":122,"column":0}},"122":{"start":{"line":123,"column":0},"end":{"line":123,"column":0}},"123":{"start":{"line":124,"column":0},"end":{"line":124,"column":9}},"124":{"start":{"line":125,"column":0},"end":{"line":125,"column":0}},"125":{"start":{"line":126,"column":0},"end":{"line":126,"column":27}},"126":{"start":{"line":127,"column":0},"end":{"line":127,"column":46}},"127":{"start":{"line":128,"column":0},"end":{"line":128,"column":21}},"128":{"start":{"line":129,"column":0},"end":{"line":129,"column":41}},"129":{"start":{"line":130,"column":0},"end":{"line":130,"column":25}},"130":{"start":{"line":131,"column":0},"end":{"line":131,"column":26}},"131":{"start":{"line":132,"column":0},"end":{"line":132,"column":13}},"132":{"start":{"line":133,"column":0},"end":{"line":133,"column":9}},"133":{"start":{"line":134,"column":0},"end":{"line":134,"column":20}},"134":{"start":{"line":135,"column":0},"end":{"line":135,"column":5}},"135":{"start":{"line":136,"column":0},"end":{"line":136,"column":23}},"136":{"start":{"line":137,"column":0},"end":{"line":137,"column":1}},"137":{"start":{"line":138,"column":0},"end":{"line":138,"column":0}},"138":{"start":{"line":139,"column":0},"end":{"line":139,"column":57}},"139":{"start":{"line":140,"column":0},"end":{"line":140,"column":0}},"140":{"start":{"line":141,"column":0},"end":{"line":141,"column":0}},"141":{"start":{"line":142,"column":0},"end":{"line":142,"column":9}},"142":{"start":{"line":143,"column":0},"end":{"line":143,"column":0}},"143":{"start":{"line":144,"column":0},"end":{"line":144,"column":22}},"144":{"start":{"line":145,"column":0},"end":{"line":145,"column":4}},"145":{"start":{"line":146,"column":0},"end":{"line":146,"column":83}},"146":{"start":{"line":147,"column":0},"end":{"line":147,"column":45}},"147":{"start":{"line":148,"column":0},"end":{"line":148,"column":4}},"148":{"start":{"line":149,"column":0},"end":{"line":149,"column":43}},"149":{"start":{"line":150,"column":0},"end":{"line":150,"column":53}},"150":{"start":{"line":151,"column":0},"end":{"line":151,"column":0}},"151":{"start":{"line":152,"column":0},"end":{"line":152,"column":54}},"152":{"start":{"line":153,"column":0},"end":{"line":153,"column":4}},"153":{"start":{"line":154,"column":0},"end":{"line":154,"column":26}},"154":{"start":{"line":155,"column":0},"end":{"line":155,"column":0}},"155":{"start":{"line":156,"column":0},"end":{"line":156,"column":0}},"156":{"start":{"line":157,"column":0},"end":{"line":157,"column":0}},"157":{"start":{"line":158,"column":0},"end":{"line":158,"column":104}},"158":{"start":{"line":159,"column":0},"end":{"line":159,"column":0}},"159":{"start":{"line":160,"column":0},"end":{"line":160,"column":45}},"160":{"start":{"line":161,"column":0},"end":{"line":161,"column":23}},"161":{"start":{"line":162,"column":0},"end":{"line":162,"column":20}},"162":{"start":{"line":163,"column":0},"end":{"line":163,"column":21}},"163":{"start":{"line":164,"column":0},"end":{"line":164,"column":27}},"164":{"start":{"line":165,"column":0},"end":{"line":165,"column":43}},"165":{"start":{"line":166,"column":0},"end":{"line":166,"column":53}},"166":{"start":{"line":167,"column":0},"end":{"line":167,"column":54}},"167":{"start":{"line":168,"column":0},"end":{"line":168,"column":8}},"168":{"start":{"line":169,"column":0},"end":{"line":169,"column":12}},"169":{"start":{"line":170,"column":0},"end":{"line":170,"column":45}},"170":{"start":{"line":171,"column":0},"end":{"line":171,"column":53}},"171":{"start":{"line":172,"column":0},"end":{"line":172,"column":53}},"172":{"start":{"line":173,"column":0},"end":{"line":173,"column":58}},"173":{"start":{"line":174,"column":0},"end":{"line":174,"column":8}},"174":{"start":{"line":175,"column":0},"end":{"line":175,"column":26}},"175":{"start":{"line":176,"column":0},"end":{"line":176,"column":0}},"176":{"start":{"line":177,"column":0},"end":{"line":177,"column":0}},"177":{"start":{"line":178,"column":0},"end":{"line":178,"column":46}},"178":{"start":{"line":179,"column":0},"end":{"line":179,"column":0}},"179":{"start":{"line":180,"column":0},"end":{"line":180,"column":46}},"180":{"start":{"line":181,"column":0},"end":{"line":181,"column":27}},"181":{"start":{"line":182,"column":0},"end":{"line":182,"column":45}},"182":{"start":{"line":183,"column":0},"end":{"line":183,"column":37}},"183":{"start":{"line":184,"column":0},"end":{"line":184,"column":9}},"184":{"start":{"line":185,"column":0},"end":{"line":185,"column":45}},"185":{"start":{"line":186,"column":0},"end":{"line":186,"column":38}},"186":{"start":{"line":187,"column":0},"end":{"line":187,"column":37}},"187":{"start":{"line":188,"column":0},"end":{"line":188,"column":9}},"188":{"start":{"line":189,"column":0},"end":{"line":189,"column":0}},"189":{"start":{"line":190,"column":0},"end":{"line":190,"column":27}},"190":{"start":{"line":191,"column":0},"end":{"line":191,"column":5}},"191":{"start":{"line":192,"column":0},"end":{"line":192,"column":23}},"192":{"start":{"line":193,"column":0},"end":{"line":193,"column":1}},"193":{"start":{"line":194,"column":0},"end":{"line":194,"column":0}},"194":{"start":{"line":195,"column":0},"end":{"line":195,"column":37}},"195":{"start":{"line":196,"column":0},"end":{"line":196,"column":44}},"196":{"start":{"line":197,"column":0},"end":{"line":197,"column":34}},"197":{"start":{"line":198,"column":0},"end":{"line":198,"column":0}},"198":{"start":{"line":199,"column":0},"end":{"line":199,"column":0}},"199":{"start":{"line":200,"column":0},"end":{"line":200,"column":9}},"200":{"start":{"line":201,"column":0},"end":{"line":201,"column":0}},"201":{"start":{"line":202,"column":0},"end":{"line":202,"column":25}},"202":{"start":{"line":203,"column":0},"end":{"line":203,"column":46}},"203":{"start":{"line":204,"column":0},"end":{"line":204,"column":0}},"204":{"start":{"line":205,"column":0},"end":{"line":205,"column":23}},"205":{"start":{"line":206,"column":0},"end":{"line":206,"column":0}},"206":{"start":{"line":207,"column":0},"end":{"line":207,"column":35}},"207":{"start":{"line":208,"column":0},"end":{"line":208,"column":44}},"208":{"start":{"line":209,"column":0},"end":{"line":209,"column":36}},"209":{"start":{"line":210,"column":0},"end":{"line":210,"column":34}},"210":{"start":{"line":211,"column":0},"end":{"line":211,"column":36}},"211":{"start":{"line":212,"column":0},"end":{"line":212,"column":33}},"212":{"start":{"line":213,"column":0},"end":{"line":213,"column":17}},"213":{"start":{"line":214,"column":0},"end":{"line":214,"column":13}},"214":{"start":{"line":215,"column":0},"end":{"line":215,"column":50}},"215":{"start":{"line":216,"column":0},"end":{"line":216,"column":21}},"216":{"start":{"line":217,"column":0},"end":{"line":217,"column":9}},"217":{"start":{"line":218,"column":0},"end":{"line":218,"column":21}},"218":{"start":{"line":219,"column":0},"end":{"line":219,"column":5}},"219":{"start":{"line":220,"column":0},"end":{"line":220,"column":23}},"220":{"start":{"line":221,"column":0},"end":{"line":221,"column":1}},"221":{"start":{"line":222,"column":0},"end":{"line":222,"column":0}},"222":{"start":{"line":223,"column":0},"end":{"line":223,"column":64}},"223":{"start":{"line":224,"column":0},"end":{"line":224,"column":57}},"224":{"start":{"line":225,"column":0},"end":{"line":225,"column":55}},"225":{"start":{"line":226,"column":0},"end":{"line":226,"column":0}},"226":{"start":{"line":227,"column":0},"end":{"line":227,"column":0}},"227":{"start":{"line":228,"column":0},"end":{"line":228,"column":22}},"228":{"start":{"line":229,"column":0},"end":{"line":229,"column":46}},"229":{"start":{"line":230,"column":0},"end":{"line":230,"column":0}},"230":{"start":{"line":231,"column":0},"end":{"line":231,"column":21}},"231":{"start":{"line":232,"column":0},"end":{"line":232,"column":0}},"232":{"start":{"line":233,"column":0},"end":{"line":233,"column":35}},"233":{"start":{"line":234,"column":0},"end":{"line":234,"column":28}},"234":{"start":{"line":235,"column":0},"end":{"line":235,"column":24}},"235":{"start":{"line":236,"column":0},"end":{"line":236,"column":50}},"236":{"start":{"line":237,"column":0},"end":{"line":237,"column":35}},"237":{"start":{"line":238,"column":0},"end":{"line":238,"column":34}},"238":{"start":{"line":239,"column":0},"end":{"line":239,"column":36}},"239":{"start":{"line":240,"column":0},"end":{"line":240,"column":21}},"240":{"start":{"line":241,"column":0},"end":{"line":241,"column":17}},"241":{"start":{"line":242,"column":0},"end":{"line":242,"column":29}},"242":{"start":{"line":243,"column":0},"end":{"line":243,"column":36}},"243":{"start":{"line":244,"column":0},"end":{"line":244,"column":9}},"244":{"start":{"line":245,"column":0},"end":{"line":245,"column":0}},"245":{"start":{"line":246,"column":0},"end":{"line":246,"column":21}},"246":{"start":{"line":247,"column":0},"end":{"line":247,"column":5}},"247":{"start":{"line":248,"column":0},"end":{"line":248,"column":23}},"248":{"start":{"line":249,"column":0},"end":{"line":249,"column":1}},"249":{"start":{"line":250,"column":0},"end":{"line":250,"column":0}},"250":{"start":{"line":251,"column":0},"end":{"line":251,"column":61}},"251":{"start":{"line":252,"column":0},"end":{"line":252,"column":54}},"252":{"start":{"line":253,"column":0},"end":{"line":253,"column":52}},"253":{"start":{"line":254,"column":0},"end":{"line":254,"column":0}},"254":{"start":{"line":255,"column":0},"end":{"line":255,"column":0}},"255":{"start":{"line":256,"column":0},"end":{"line":256,"column":22}},"256":{"start":{"line":257,"column":0},"end":{"line":257,"column":46}},"257":{"start":{"line":258,"column":0},"end":{"line":258,"column":0}},"258":{"start":{"line":259,"column":0},"end":{"line":259,"column":46}},"259":{"start":{"line":260,"column":0},"end":{"line":260,"column":27}},"260":{"start":{"line":261,"column":0},"end":{"line":261,"column":22}},"261":{"start":{"line":262,"column":0},"end":{"line":262,"column":45}},"262":{"start":{"line":263,"column":0},"end":{"line":263,"column":36}},"263":{"start":{"line":264,"column":0},"end":{"line":264,"column":20}},"264":{"start":{"line":265,"column":0},"end":{"line":265,"column":13}},"265":{"start":{"line":266,"column":0},"end":{"line":266,"column":23}},"266":{"start":{"line":267,"column":0},"end":{"line":267,"column":9}},"267":{"start":{"line":268,"column":0},"end":{"line":268,"column":18}},"268":{"start":{"line":269,"column":0},"end":{"line":269,"column":5}},"269":{"start":{"line":270,"column":0},"end":{"line":270,"column":23}},"270":{"start":{"line":271,"column":0},"end":{"line":271,"column":1}},"271":{"start":{"line":272,"column":0},"end":{"line":272,"column":0}},"272":{"start":{"line":273,"column":0},"end":{"line":273,"column":61}},"273":{"start":{"line":274,"column":0},"end":{"line":274,"column":54}},"274":{"start":{"line":275,"column":0},"end":{"line":275,"column":52}},"275":{"start":{"line":276,"column":0},"end":{"line":276,"column":0}},"276":{"start":{"line":277,"column":0},"end":{"line":277,"column":118}}},"s":{"0":1,"1":1,"2":6,"3":6,"4":3,"5":3,"6":12,"7":1,"8":1,"9":12,"10":3,"11":3,"12":6,"13":6,"14":1,"15":1,"16":1,"17":1,"18":1,"19":1,"20":1,"21":1,"22":6,"23":6,"24":3,"25":3,"26":3,"27":12,"28":4,"29":4,"30":12,"31":3,"32":3,"33":6,"34":6,"35":1,"36":1,"37":1,"38":1,"39":1,"40":1,"41":1,"42":6,"43":6,"44":3,"45":3,"46":3,"47":9,"48":1,"49":1,"50":9,"51":3,"52":3,"53":3,"54":6,"55":6,"56":1,"57":1,"58":1,"59":1,"60":1,"61":1,"62":1,"63":1,"64":6,"65":6,"66":3,"67":3,"68":3,"69":9,"70":4,"71":4,"72":9,"73":3,"74":3,"75":3,"76":6,"77":6,"78":1,"79":1,"80":1,"81":1,"82":1,"83":1,"84":1,"85":6,"86":6,"87":3,"88":3,"89":3,"90":9,"91":3,"92":3,"93":9,"94":3,"95":3,"96":6,"97":6,"98":1,"99":1,"100":1,"101":1,"102":1,"103":1,"104":1,"105":1,"106":8,"107":8,"108":5,"109":5,"110":5,"111":18,"112":18,"113":5,"114":5,"115":8,"116":8,"117":1,"118":1,"119":1,"120":1,"121":1,"122":1,"123":1,"124":1,"125":6,"126":6,"127":3,"128":3,"129":9,"130":3,"131":3,"132":9,"133":3,"134":3,"135":6,"136":6,"137":1,"138":1,"139":1,"140":1,"141":1,"142":1,"143":8,"144":8,"145":8,"146":8,"147":8,"148":8,"149":8,"150":8,"151":8,"152":8,"153":8,"154":8,"155":8,"156":8,"157":8,"158":8,"159":8,"160":8,"161":8,"162":8,"163":8,"164":8,"165":8,"166":8,"167":8,"168":8,"169":8,"170":8,"171":8,"172":8,"173":8,"174":8,"175":8,"176":8,"177":8,"178":5,"179":5,"180":5,"181":5,"182":7,"183":7,"184":5,"185":5,"186":6,"187":6,"188":5,"189":5,"190":5,"191":8,"192":8,"193":1,"194":1,"195":1,"196":1,"197":1,"198":1,"199":1,"200":1,"201":8,"202":8,"203":5,"204":5,"205":5,"206":5,"207":18,"208":47,"209":6,"210":6,"211":6,"212":6,"213":47,"214":18,"215":18,"216":18,"217":5,"218":5,"219":8,"220":8,"221":1,"222":1,"223":1,"224":1,"225":1,"226":1,"227":8,"228":8,"229":5,"230":5,"231":5,"232":5,"233":18,"234":18,"235":18,"236":65,"237":3,"238":3,"239":3,"240":65,"241":18,"242":18,"243":18,"244":5,"245":5,"246":5,"247":8,"248":8,"249":1,"250":1,"251":1,"252":1,"253":1,"254":1,"255":8,"256":8,"257":5,"258":5,"259":13,"260":13,"261":13,"262":6,"263":6,"264":6,"265":13,"266":13,"267":5,"268":5,"269":8,"270":8,"271":1,"272":1,"273":1,"274":1,"275":1,"276":1},"branchMap":{"0":{"type":"branch","line":3,"loc":{"start":{"line":3,"column":0},"end":{"line":14,"column":1}},"locations":[{"start":{"line":3,"column":0},"end":{"line":14,"column":1}}]},"1":{"type":"branch","line":4,"loc":{"start":{"line":4,"column":7},"end":{"line":4,"column":45}},"locations":[{"start":{"line":4,"column":7},"end":{"line":4,"column":45}}]},"2":{"type":"branch","line":4,"loc":{"start":{"line":4,"column":45},"end":{"line":13,"column":16}},"locations":[{"start":{"line":4,"column":45},"end":{"line":13,"column":16}}]},"3":{"type":"branch","line":6,"loc":{"start":{"line":6,"column":40},"end":{"line":10,"column":5}},"locations":[{"start":{"line":6,"column":40},"end":{"line":10,"column":5}}]},"4":{"type":"branch","line":7,"loc":{"start":{"line":7,"column":24},"end":{"line":9,"column":9}},"locations":[{"start":{"line":7,"column":24},"end":{"line":9,"column":9}}]},"5":{"type":"branch","line":23,"loc":{"start":{"line":23,"column":0},"end":{"line":35,"column":1}},"locations":[{"start":{"line":23,"column":0},"end":{"line":35,"column":1}}]},"6":{"type":"branch","line":24,"loc":{"start":{"line":24,"column":7},"end":{"line":24,"column":45}},"locations":[{"start":{"line":24,"column":7},"end":{"line":24,"column":45}}]},"7":{"type":"branch","line":24,"loc":{"start":{"line":24,"column":45},"end":{"line":34,"column":16}},"locations":[{"start":{"line":24,"column":45},"end":{"line":34,"column":16}}]},"8":{"type":"branch","line":27,"loc":{"start":{"line":27,"column":37},"end":{"line":31,"column":5}},"locations":[{"start":{"line":27,"column":37},"end":{"line":31,"column":5}}]},"9":{"type":"branch","line":28,"loc":{"start":{"line":28,"column":24},"end":{"line":30,"column":9}},"locations":[{"start":{"line":28,"column":24},"end":{"line":30,"column":9}}]},"10":{"type":"branch","line":43,"loc":{"start":{"line":43,"column":0},"end":{"line":56,"column":1}},"locations":[{"start":{"line":43,"column":0},"end":{"line":56,"column":1}}]},"11":{"type":"branch","line":44,"loc":{"start":{"line":44,"column":7},"end":{"line":44,"column":45}},"locations":[{"start":{"line":44,"column":7},"end":{"line":44,"column":45}}]},"12":{"type":"branch","line":44,"loc":{"start":{"line":44,"column":45},"end":{"line":55,"column":16}},"locations":[{"start":{"line":44,"column":45},"end":{"line":55,"column":16}}]},"13":{"type":"branch","line":47,"loc":{"start":{"line":47,"column":37},"end":{"line":51,"column":5}},"locations":[{"start":{"line":47,"column":37},"end":{"line":51,"column":5}}]},"14":{"type":"branch","line":48,"loc":{"start":{"line":48,"column":30},"end":{"line":50,"column":9}},"locations":[{"start":{"line":48,"column":30},"end":{"line":50,"column":9}}]},"15":{"type":"branch","line":65,"loc":{"start":{"line":65,"column":0},"end":{"line":78,"column":1}},"locations":[{"start":{"line":65,"column":0},"end":{"line":78,"column":1}}]},"16":{"type":"branch","line":66,"loc":{"start":{"line":66,"column":7},"end":{"line":66,"column":45}},"locations":[{"start":{"line":66,"column":7},"end":{"line":66,"column":45}}]},"17":{"type":"branch","line":66,"loc":{"start":{"line":66,"column":45},"end":{"line":77,"column":16}},"locations":[{"start":{"line":66,"column":45},"end":{"line":77,"column":16}}]},"18":{"type":"branch","line":69,"loc":{"start":{"line":69,"column":37},"end":{"line":73,"column":5}},"locations":[{"start":{"line":69,"column":37},"end":{"line":73,"column":5}}]},"19":{"type":"branch","line":70,"loc":{"start":{"line":70,"column":30},"end":{"line":72,"column":9}},"locations":[{"start":{"line":70,"column":30},"end":{"line":72,"column":9}}]},"20":{"type":"branch","line":86,"loc":{"start":{"line":86,"column":0},"end":{"line":98,"column":1}},"locations":[{"start":{"line":86,"column":0},"end":{"line":98,"column":1}}]},"21":{"type":"branch","line":87,"loc":{"start":{"line":87,"column":7},"end":{"line":87,"column":45}},"locations":[{"start":{"line":87,"column":7},"end":{"line":87,"column":45}}]},"22":{"type":"branch","line":87,"loc":{"start":{"line":87,"column":45},"end":{"line":97,"column":16}},"locations":[{"start":{"line":87,"column":45},"end":{"line":97,"column":16}}]},"23":{"type":"branch","line":90,"loc":{"start":{"line":90,"column":36},"end":{"line":94,"column":5}},"locations":[{"start":{"line":90,"column":36},"end":{"line":94,"column":5}}]},"24":{"type":"branch","line":91,"loc":{"start":{"line":91,"column":21},"end":{"line":93,"column":9}},"locations":[{"start":{"line":91,"column":21},"end":{"line":93,"column":9}}]},"25":{"type":"branch","line":107,"loc":{"start":{"line":107,"column":0},"end":{"line":117,"column":1}},"locations":[{"start":{"line":107,"column":0},"end":{"line":117,"column":1}}]},"26":{"type":"branch","line":108,"loc":{"start":{"line":108,"column":7},"end":{"line":108,"column":45}},"locations":[{"start":{"line":108,"column":7},"end":{"line":108,"column":45}}]},"27":{"type":"branch","line":108,"loc":{"start":{"line":108,"column":45},"end":{"line":115,"column":5}},"locations":[{"start":{"line":108,"column":45},"end":{"line":115,"column":5}}]},"28":{"type":"branch","line":111,"loc":{"start":{"line":111,"column":36},"end":{"line":113,"column":5}},"locations":[{"start":{"line":111,"column":36},"end":{"line":113,"column":5}}]},"29":{"type":"branch","line":116,"loc":{"start":{"line":116,"column":-2},"end":{"line":116,"column":16}},"locations":[{"start":{"line":116,"column":-2},"end":{"line":116,"column":16}}]},"30":{"type":"branch","line":126,"loc":{"start":{"line":126,"column":0},"end":{"line":137,"column":1}},"locations":[{"start":{"line":126,"column":0},"end":{"line":137,"column":1}}]},"31":{"type":"branch","line":127,"loc":{"start":{"line":127,"column":7},"end":{"line":127,"column":45}},"locations":[{"start":{"line":127,"column":7},"end":{"line":127,"column":45}}]},"32":{"type":"branch","line":127,"loc":{"start":{"line":127,"column":45},"end":{"line":136,"column":16}},"locations":[{"start":{"line":127,"column":45},"end":{"line":136,"column":16}}]},"33":{"type":"branch","line":129,"loc":{"start":{"line":129,"column":40},"end":{"line":133,"column":9}},"locations":[{"start":{"line":129,"column":40},"end":{"line":133,"column":9}}]},"34":{"type":"branch","line":130,"loc":{"start":{"line":130,"column":24},"end":{"line":132,"column":13}},"locations":[{"start":{"line":130,"column":24},"end":{"line":132,"column":13}}]},"35":{"type":"branch","line":144,"loc":{"start":{"line":144,"column":0},"end":{"line":193,"column":1}},"locations":[{"start":{"line":144,"column":0},"end":{"line":193,"column":1}}]},"36":{"type":"branch","line":178,"loc":{"start":{"line":178,"column":7},"end":{"line":178,"column":45}},"locations":[{"start":{"line":178,"column":7},"end":{"line":178,"column":45}}]},"37":{"type":"branch","line":178,"loc":{"start":{"line":178,"column":45},"end":{"line":191,"column":5}},"locations":[{"start":{"line":178,"column":45},"end":{"line":191,"column":5}}]},"38":{"type":"branch","line":182,"loc":{"start":{"line":182,"column":44},"end":{"line":184,"column":9}},"locations":[{"start":{"line":182,"column":44},"end":{"line":184,"column":9}}]},"39":{"type":"branch","line":186,"loc":{"start":{"line":186,"column":37},"end":{"line":188,"column":9}},"locations":[{"start":{"line":186,"column":37},"end":{"line":188,"column":9}}]},"40":{"type":"branch","line":192,"loc":{"start":{"line":192,"column":-2},"end":{"line":192,"column":16}},"locations":[{"start":{"line":192,"column":-2},"end":{"line":192,"column":16}}]},"41":{"type":"branch","line":202,"loc":{"start":{"line":202,"column":0},"end":{"line":221,"column":1}},"locations":[{"start":{"line":202,"column":0},"end":{"line":221,"column":1}}]},"42":{"type":"branch","line":203,"loc":{"start":{"line":203,"column":7},"end":{"line":203,"column":45}},"locations":[{"start":{"line":203,"column":7},"end":{"line":203,"column":45}}]},"43":{"type":"branch","line":203,"loc":{"start":{"line":203,"column":45},"end":{"line":219,"column":5}},"locations":[{"start":{"line":203,"column":45},"end":{"line":219,"column":5}}]},"44":{"type":"branch","line":207,"loc":{"start":{"line":207,"column":34},"end":{"line":217,"column":9}},"locations":[{"start":{"line":207,"column":34},"end":{"line":217,"column":9}}]},"45":{"type":"branch","line":208,"loc":{"start":{"line":208,"column":43},"end":{"line":214,"column":13}},"locations":[{"start":{"line":208,"column":43},"end":{"line":214,"column":13}}]},"46":{"type":"branch","line":209,"loc":{"start":{"line":209,"column":35},"end":{"line":213,"column":17}},"locations":[{"start":{"line":209,"column":35},"end":{"line":213,"column":17}}]},"47":{"type":"branch","line":220,"loc":{"start":{"line":220,"column":-2},"end":{"line":220,"column":16}},"locations":[{"start":{"line":220,"column":-2},"end":{"line":220,"column":16}}]},"48":{"type":"branch","line":228,"loc":{"start":{"line":228,"column":0},"end":{"line":249,"column":1}},"locations":[{"start":{"line":228,"column":0},"end":{"line":249,"column":1}}]},"49":{"type":"branch","line":229,"loc":{"start":{"line":229,"column":7},"end":{"line":229,"column":45}},"locations":[{"start":{"line":229,"column":7},"end":{"line":229,"column":45}}]},"50":{"type":"branch","line":229,"loc":{"start":{"line":229,"column":45},"end":{"line":247,"column":5}},"locations":[{"start":{"line":229,"column":45},"end":{"line":247,"column":5}}]},"51":{"type":"branch","line":233,"loc":{"start":{"line":233,"column":34},"end":{"line":244,"column":9}},"locations":[{"start":{"line":233,"column":34},"end":{"line":244,"column":9}}]},"52":{"type":"branch","line":236,"loc":{"start":{"line":236,"column":49},"end":{"line":241,"column":17}},"locations":[{"start":{"line":236,"column":49},"end":{"line":241,"column":17}}]},"53":{"type":"branch","line":237,"loc":{"start":{"line":237,"column":34},"end":{"line":240,"column":21}},"locations":[{"start":{"line":237,"column":34},"end":{"line":240,"column":21}}]},"54":{"type":"branch","line":248,"loc":{"start":{"line":248,"column":-2},"end":{"line":248,"column":16}},"locations":[{"start":{"line":248,"column":-2},"end":{"line":248,"column":16}}]},"55":{"type":"branch","line":256,"loc":{"start":{"line":256,"column":0},"end":{"line":271,"column":1}},"locations":[{"start":{"line":256,"column":0},"end":{"line":271,"column":1}}]},"56":{"type":"branch","line":257,"loc":{"start":{"line":257,"column":7},"end":{"line":257,"column":45}},"locations":[{"start":{"line":257,"column":7},"end":{"line":257,"column":45}}]},"57":{"type":"branch","line":257,"loc":{"start":{"line":257,"column":45},"end":{"line":269,"column":5}},"locations":[{"start":{"line":257,"column":45},"end":{"line":269,"column":5}}]},"58":{"type":"branch","line":259,"loc":{"start":{"line":259,"column":45},"end":{"line":267,"column":9}},"locations":[{"start":{"line":259,"column":45},"end":{"line":267,"column":9}}]},"59":{"type":"branch","line":262,"loc":{"start":{"line":262,"column":19},"end":{"line":262,"column":44}},"locations":[{"start":{"line":262,"column":19},"end":{"line":262,"column":44}}]},"60":{"type":"branch","line":262,"loc":{"start":{"line":262,"column":44},"end":{"line":265,"column":13}},"locations":[{"start":{"line":262,"column":44},"end":{"line":265,"column":13}}]},"61":{"type":"branch","line":270,"loc":{"start":{"line":270,"column":-2},"end":{"line":270,"column":16}},"locations":[{"start":{"line":270,"column":-2},"end":{"line":270,"column":16}}]}},"b":{"0":[6],"1":[4],"2":[3],"3":[12],"4":[1],"5":[6],"6":[4],"7":[3],"8":[12],"9":[4],"10":[6],"11":[4],"12":[3],"13":[9],"14":[1],"15":[6],"16":[4],"17":[3],"18":[9],"19":[4],"20":[6],"21":[4],"22":[3],"23":[9],"24":[3],"25":[8],"26":[6],"27":[5],"28":[18],"29":[3],"30":[6],"31":[4],"32":[3],"33":[9],"34":[3],"35":[8],"36":[6],"37":[5],"38":[7],"39":[6],"40":[3],"41":[8],"42":[6],"43":[5],"44":[18],"45":[47],"46":[6],"47":[3],"48":[8],"49":[6],"50":[5],"51":[18],"52":[65],"53":[3],"54":[3],"55":[8],"56":[6],"57":[5],"58":[13],"59":[16],"60":[6],"61":[3]},"fnMap":{"0":{"name":"minEl","decl":{"start":{"line":3,"column":0},"end":{"line":14,"column":1}},"loc":{"start":{"line":3,"column":0},"end":{"line":14,"column":1}},"line":3},"1":{"name":"maxEl","decl":{"start":{"line":23,"column":0},"end":{"line":35,"column":1}},"loc":{"start":{"line":23,"column":0},"end":{"line":35,"column":1}},"line":23},"2":{"name":"minInd","decl":{"start":{"line":43,"column":0},"end":{"line":56,"column":1}},"loc":{"start":{"line":43,"column":0},"end":{"line":56,"column":1}},"line":43},"3":{"name":"maxInd","decl":{"start":{"line":65,"column":0},"end":{"line":78,"column":1}},"loc":{"start":{"line":65,"column":0},"end":{"line":78,"column":1}},"line":65},"4":{"name":"sumElOdd","decl":{"start":{"line":86,"column":0},"end":{"line":98,"column":1}},"loc":{"start":{"line":86,"column":0},"end":{"line":98,"column":1}},"line":86},"5":{"name":"arrRev","decl":{"start":{"line":107,"column":0},"end":{"line":117,"column":1}},"loc":{"start":{"line":107,"column":0},"end":{"line":117,"column":1}},"line":107},"6":{"name":"countOddElem","decl":{"start":{"line":126,"column":0},"end":{"line":137,"column":1}},"loc":{"start":{"line":126,"column":0},"end":{"line":137,"column":1}},"line":126},"7":{"name":"revHalf","decl":{"start":{"line":144,"column":0},"end":{"line":193,"column":1}},"loc":{"start":{"line":144,"column":0},"end":{"line":193,"column":1}},"line":144},"8":{"name":"bubbleSort","decl":{"start":{"line":202,"column":0},"end":{"line":221,"column":1}},"loc":{"start":{"line":202,"column":0},"end":{"line":221,"column":1}},"line":202},"9":{"name":"selSort","decl":{"start":{"line":228,"column":0},"end":{"line":249,"column":1}},"loc":{"start":{"line":228,"column":0},"end":{"line":249,"column":1}},"line":228},"10":{"name":"insSort","decl":{"start":{"line":256,"column":0},"end":{"line":271,"column":1}},"loc":{"start":{"line":256,"column":0},"end":{"line":271,"column":1}},"line":256}},"f":{"0":6,"1":6,"2":6,"3":6,"4":6,"5":8,"6":6,"7":8,"8":8,"9":8,"10":8}}
,"D:\\DE\\DE_HW_1\\JS\\conditionalStatements.js": {"path":"D:\\DE\\DE_HW_1\\JS\\conditionalStatements.js","all":false,"statementMap":{"0":{"start":{"line":1,"column":0},"end":{"line":1,"column":9}},"1":{"start":{"line":2,"column":0},"end":{"line":2,"column":0}},"2":{"start":{"line":3,"column":0},"end":{"line":3,"column":34}},"3":{"start":{"line":4,"column":0},"end":{"line":4,"column":49}},"4":{"start":{"line":5,"column":0},"end":{"line":5,"column":17}},"5":{"start":{"line":6,"column":0},"end":{"line":6,"column":15}},"6":{"start":{"line":7,"column":0},"end":{"line":7,"column":5}},"7":{"start":{"line":8,"column":0},"end":{"line":8,"column":20}},"8":{"start":{"line":9,"column":0},"end":{"line":9,"column":3}},"9":{"start":{"line":10,"column":0},"end":{"line":10,"column":21}},"10":{"start":{"line":11,"column":0},"end":{"line":11,"column":1}},"11":{"start":{"line":12,"column":0},"end":{"line":12,"column":0}},"12":{"start":{"line":13,"column":0},"end":{"line":13,"column":29}},"13":{"start":{"line":14,"column":0},"end":{"line":14,"column":30}},"14":{"start":{"line":15,"column":0},"end":{"line":15,"column":30}},"15":{"start":{"line":16,"column":0},"end":{"line":16,"column":27}},"16":{"start":{"line":17,"column":0},"end":{"line":17,"column":0}},"17":{"start":{"line":18,"column":0},"end":{"line":18,"column":0}},"18":{"start":{"line":19,"column":0},"end":{"line":19,"column":9}},"19":{"start":{"line":20,"column":0},"end":{"line":20,"column":0}},"20":{"start":{"line":21,"column":0},"end":{"line":21,"column":29}},"21":{"start":{"line":22,"column":0},"end":{"line":22,"column":50}},"22":{"start":{"line":23,"column":0},"end":{"line":23,"column":64}},"23":{"start":{"line":24,"column":0},"end":{"line":24,"column":66}},"24":{"start":{"line":25,"column":0},"end":{"line":25,"column":65}},"25":{"start":{"line":26,"column":0},"end":{"line":26,"column":66}},"26":{"start":{"line":27,"column":0},"end":{"line":27,"column":77}},"27":{"start":{"line":28,"column":0},"end":{"line":28,"column":77}},"28":{"start":{"line":29,"column":0},"end":{"line":29,"column":77}},"29":{"start":{"line":30,"column":0},"end":{"line":30,"column":77}},"30":{"start":{"line":31,"column":0},"end":{"line":31,"column":70}},"31":{"start":{"line":32,"column":0},"end":{"line":32,"column":3}},"32":{"start":{"line":33,"column":0},"end":{"line":33,"column":21}},"33":{"start":{"line":34,"column":0},"end":{"line":34,"column":1}},"34":{"start":{"line":35,"column":0},"end":{"line":35,"column":0}},"35":{"start":{"line":36,"column":0},"end":{"line":36,"column":0}},"36":{"start":{"line":37,"column":0},"end":{"line":37,"column":31}},"37":{"start":{"line":38,"column":0},"end":{"line":38,"column":32}},"38":{"start":{"line":39,"column":0},"end":{"line":39,"column":33}},"39":{"start":{"line":40,"column":0},"end":{"line":40,"column":34}},"40":{"start":{"line":41,"column":0},"end":{"line":41,"column":31}},"41":{"start":{"line":42,"column":0},"end":{"line":42,"column":31}},"42":{"start":{"line":43,"column":0},"end":{"line":43,"column":31}},"43":{"start":{"line":44,"column":0},"end":{"line":44,"column":33}},"44":{"start":{"line":45,"column":0},"end":{"line":45,"column":32}},"45":{"start":{"line":46,"column":0},"end":{"line":46,"column":0}},"46":{"start":{"line":47,"column":0},"end":{"line":47,"column":9}},"47":{"start":{"line":48,"column":0},"end":{"line":48,"column":0}},"48":{"start":{"line":49,"column":0},"end":{"line":49,"column":32}},"49":{"start":{"line":50,"column":0},"end":{"line":50,"column":74}},"50":{"start":{"line":51,"column":0},"end":{"line":51,"column":16}},"51":{"start":{"line":52,"column":0},"end":{"line":52,"column":4}},"52":{"start":{"line":53,"column":0},"end":{"line":53,"column":13}},"53":{"start":{"line":54,"column":0},"end":{"line":54,"column":16}},"54":{"start":{"line":55,"column":0},"end":{"line":55,"column":5}},"55":{"start":{"line":56,"column":0},"end":{"line":56,"column":12}},"56":{"start":{"line":57,"column":0},"end":{"line":57,"column":16}},"57":{"start":{"line":58,"column":0},"end":{"line":58,"column":5}},"58":{"start":{"line":59,"column":0},"end":{"line":59,"column":12}},"59":{"start":{"line":60,"column":0},"end":{"line":60,"column":16}},"60":{"start":{"line":61,"column":0},"end":{"line":61,"column":5}},"61":{"start":{"line":62,"column":0},"end":{"line":62,"column":4}},"62":{"start":{"line":63,"column":0},"end":{"line":63,"column":29}},"63":{"start":{"line":64,"column":0},"end":{"line":64,"column":48}},"64":{"start":{"line":65,"column":0},"end":{"line":65,"column":3}},"65":{"start":{"line":66,"column":0},"end":{"line":66,"column":21}},"66":{"start":{"line":67,"column":0},"end":{"line":67,"column":1}},"67":{"start":{"line":68,"column":0},"end":{"line":68,"column":0}},"68":{"start":{"line":69,"column":0},"end":{"line":69,"column":32}},"69":{"start":{"line":70,"column":0},"end":{"line":70,"column":33}},"70":{"start":{"line":71,"column":0},"end":{"line":71,"column":32}},"71":{"start":{"line":72,"column":0},"end":{"line":72,"column":34}},"72":{"start":{"line":73,"column":0},"end":{"line":73,"column":0}},"73":{"start":{"line":74,"column":0},"end":{"line":74,"column":0}},"74":{"start":{"line":75,"column":0},"end":{"line":75,"column":9}},"75":{"start":{"line":76,"column":0},"end":{"line":76,"column":0}},"76":{"start":{"line":77,"column":0},"end":{"line":77,"column":30}},"77":{"start":{"line":78,"column":0},"end":{"line":78,"column":40}},"78":{"start":{"line":79,"column":0},"end":{"line":79,"column":75}},"79":{"start":{"line":80,"column":0},"end":{"line":80,"column":53}},"80":{"start":{"line":81,"column":0},"end":{"line":81,"column":14}},"81":{"start":{"line":82,"column":0},"end":{"line":82,"column":3}},"82":{"start":{"line":83,"column":0},"end":{"line":83,"column":21}},"83":{"start":{"line":84,"column":0},"end":{"line":84,"column":1}},"84":{"start":{"line":85,"column":0},"end":{"line":85,"column":0}},"85":{"start":{"line":86,"column":0},"end":{"line":86,"column":30}},"86":{"start":{"line":87,"column":0},"end":{"line":87,"column":30}},"87":{"start":{"line":88,"column":0},"end":{"line":88,"column":31}},"88":{"start":{"line":89,"column":0},"end":{"line":89,"column":33}},"89":{"start":{"line":90,"column":0},"end":{"line":90,"column":0}},"90":{"start":{"line":91,"column":0},"end":{"line":91,"column":0}},"91":{"start":{"line":92,"column":0},"end":{"line":92,"column":9}},"92":{"start":{"line":93,"column":0},"end":{"line":93,"column":0}},"93":{"start":{"line":94,"column":0},"end":{"line":94,"column":25}},"94":{"start":{"line":95,"column":0},"end":{"line":95,"column":32}},"95":{"start":{"line":96,"column":0},"end":{"line":96,"column":19}},"96":{"start":{"line":97,"column":0},"end":{"line":97,"column":45}},"97":{"start":{"line":98,"column":0},"end":{"line":98,"column":26}},"98":{"start":{"line":99,"column":0},"end":{"line":99,"column":8}},"99":{"start":{"line":100,"column":0},"end":{"line":100,"column":46}},"100":{"start":{"line":101,"column":0},"end":{"line":101,"column":26}},"101":{"start":{"line":102,"column":0},"end":{"line":102,"column":8}},"102":{"start":{"line":103,"column":0},"end":{"line":103,"column":46}},"103":{"start":{"line":104,"column":0},"end":{"line":104,"column":26}},"104":{"start":{"line":105,"column":0},"end":{"line":105,"column":8}},"105":{"start":{"line":106,"column":0},"end":{"line":106,"column":46}},"106":{"start":{"line":107,"column":0},"end":{"line":107,"column":26}},"107":{"start":{"line":108,"column":0},"end":{"line":108,"column":8}},"108":{"start":{"line":109,"column":0},"end":{"line":109,"column":46}},"109":{"start":{"line":110,"column":0},"end":{"line":110,"column":26}},"110":{"start":{"line":111,"column":0},"end":{"line":111,"column":8}},"111":{"start":{"line":112,"column":0},"end":{"line":112,"column":47}},"112":{"start":{"line":113,"column":0},"end":{"line":113,"column":26}},"113":{"start":{"line":114,"column":0},"end":{"line":114,"column":8}},"114":{"start":{"line":115,"column":0},"end":{"line":115,"column":18}},"115":{"start":{"line":116,"column":0},"end":{"line":116,"column":34}},"116":{"start":{"line":117,"column":0},"end":{"line":117,"column":9}},"117":{"start":{"line":118,"column":0},"end":{"line":118,"column":3}},"118":{"start":{"line":119,"column":0},"end":{"line":119,"column":21}},"119":{"start":{"line":120,"column":0},"end":{"line":120,"column":1}},"120":{"start":{"line":121,"column":0},"end":{"line":121,"column":0}},"121":{"start":{"line":122,"column":0},"end":{"line":122,"column":26}},"122":{"start":{"line":123,"column":0},"end":{"line":123,"column":27}},"123":{"start":{"line":124,"column":0},"end":{"line":124,"column":27}},"124":{"start":{"line":125,"column":0},"end":{"line":125,"column":27}},"125":{"start":{"line":126,"column":0},"end":{"line":126,"column":27}},"126":{"start":{"line":127,"column":0},"end":{"line":127,"column":28}},"127":{"start":{"line":128,"column":0},"end":{"line":128,"column":28}},"128":{"start":{"line":129,"column":0},"end":{"line":129,"column":27}},"129":{"start":{"line":130,"column":0},"end":{"line":130,"column":0}},"130":{"start":{"line":131,"column":0},"end":{"line":131,"column":68}}},"s":{"0":1,"1":1,"2":1,"3":8,"4":5,"5":3,"6":3,"7":5,"8":5,"9":8,"10":8,"11":1,"12":1,"13":1,"14":1,"15":1,"16":1,"17":1,"18":1,"19":1,"20":14,"21":14,"22":11,"23":10,"24":9,"25":8,"26":7,"27":6,"28":4,"29":2,"30":1,"31":11,"32":14,"33":14,"34":1,"35":1,"36":1,"37":1,"38":1,"39":1,"40":1,"41":1,"42":1,"43":1,"44":1,"45":1,"46":1,"47":1,"48":7,"49":7,"50":4,"51":4,"52":4,"53":2,"54":2,"55":4,"56":1,"57":1,"58":4,"59":0,"60":0,"61":4,"62":4,"63":4,"64":4,"65":7,"66":7,"67":1,"68":1,"69":1,"70":1,"71":1,"72":1,"73":1,"74":1,"75":1,"76":7,"77":7,"78":7,"79":4,"80":4,"81":4,"82":7,"83":7,"84":1,"85":1,"86":1,"87":1,"88":1,"89":1,"90":1,"91":1,"92":1,"93":9,"94":9,"95":8,"96":8,"97":8,"98":8,"99":8,"100":8,"101":8,"102":8,"103":8,"104":8,"105":8,"106":8,"107":8,"108":8,"109":8,"110":8,"111":8,"112":8,"113":8,"114":8,"115":8,"116":8,"117":8,"118":9,"119":9,"120":1,"121":1,"122":1,"123":1,"124":1,"125":1,"126":1,"127":1,"128":1,"129":1,"130":1},"branchMap":{"0":{"type":"branch","line":3,"loc":{"start":{"line":3,"column":15},"end":{"line":11,"column":1}},"locations":[{"start":{"line":3,"column":15},"end":{"line":11,"column":1}}]},"1":{"type":"branch","line":4,"loc":{"start":{"line":4,"column":5},"end":{"line":4,"column":48}},"locations":[{"start":{"line":4,"column":5},"end":{"line":4,"column":48}}]},"2":{"type":"branch","line":4,"loc":{"start":{"line":4,"column":48},"end":{"line":9,"column":3}},"locations":[{"start":{"line":4,"column":48},"end":{"line":9,"column":3}}]},"3":{"type":"branch","line":5,"loc":{"start":{"line":5,"column":16},"end":{"line":7,"column":5}},"locations":[{"start":{"line":5,"column":16},"end":{"line":7,"column":5}}]},"4":{"type":"branch","line":8,"loc":{"start":{"line":8,"column":-2},"end":{"line":8,"column":16}},"locations":[{"start":{"line":8,"column":-2},"end":{"line":8,"column":16}}]},"5":{"type":"branch","line":10,"loc":{"start":{"line":10,"column":-2},"end":{"line":10,"column":14}},"locations":[{"start":{"line":10,"column":-2},"end":{"line":10,"column":14}}]},"6":{"type":"branch","line":21,"loc":{"start":{"line":21,"column":0},"end":{"line":34,"column":1}},"locations":[{"start":{"line":21,"column":0},"end":{"line":34,"column":1}}]},"7":{"type":"branch","line":22,"loc":{"start":{"line":22,"column":5},"end":{"line":22,"column":49}},"locations":[{"start":{"line":22,"column":5},"end":{"line":22,"column":49}}]},"8":{"type":"branch","line":22,"loc":{"start":{"line":22,"column":49},"end":{"line":32,"column":3}},"locations":[{"start":{"line":22,"column":49},"end":{"line":32,"column":3}}]},"9":{"type":"branch","line":23,"loc":{"start":{"line":23,"column":7},"end":{"line":23,"column":22}},"locations":[{"start":{"line":23,"column":7},"end":{"line":23,"column":22}}]},"10":{"type":"branch","line":23,"loc":{"start":{"line":23,"column":22},"end":{"line":23,"column":64}},"locations":[{"start":{"line":23,"column":22},"end":{"line":23,"column":64}}]},"11":{"type":"branch","line":23,"loc":{"start":{"line":23,"column":4},"end":{"line":31,"column":70}},"locations":[{"start":{"line":23,"column":4},"end":{"line":31,"column":70}}]},"12":{"type":"branch","line":24,"loc":{"start":{"line":24,"column":12},"end":{"line":24,"column":23}},"locations":[{"start":{"line":24,"column":12},"end":{"line":24,"column":23}}]},"13":{"type":"branch","line":24,"loc":{"start":{"line":24,"column":23},"end":{"line":24,"column":66}},"locations":[{"start":{"line":24,"column":23},"end":{"line":24,"column":66}}]},"14":{"type":"branch","line":24,"loc":{"start":{"line":24,"column":9},"end":{"line":31,"column":70}},"locations":[{"start":{"line":24,"column":9},"end":{"line":31,"column":70}}]},"15":{"type":"branch","line":25,"loc":{"start":{"line":25,"column":12},"end":{"line":25,"column":23}},"locations":[{"start":{"line":25,"column":12},"end":{"line":25,"column":23}}]},"16":{"type":"branch","line":25,"loc":{"start":{"line":25,"column":23},"end":{"line":25,"column":65}},"locations":[{"start":{"line":25,"column":23},"end":{"line":25,"column":65}}]},"17":{"type":"branch","line":25,"loc":{"start":{"line":25,"column":9},"end":{"line":31,"column":70}},"locations":[{"start":{"line":25,"column":9},"end":{"line":31,"column":70}}]},"18":{"type":"branch","line":26,"loc":{"start":{"line":26,"column":12},"end":{"line":26,"column":23}},"locations":[{"start":{"line":26,"column":12},"end":{"line":26,"column":23}}]},"19":{"type":"branch","line":26,"loc":{"start":{"line":26,"column":23},"end":{"line":26,"column":66}},"locations":[{"start":{"line":26,"column":23},"end":{"line":26,"column":66}}]},"20":{"type":"branch","line":26,"loc":{"start":{"line":26,"column":9},"end":{"line":31,"column":70}},"locations":[{"start":{"line":26,"column":9},"end":{"line":31,"column":70}}]},"21":{"type":"branch","line":27,"loc":{"start":{"line":27,"column":12},"end":{"line":27,"column":24}},"locations":[{"start":{"line":27,"column":12},"end":{"line":27,"column":24}}]},"22":{"type":"branch","line":27,"loc":{"start":{"line":27,"column":24},"end":{"line":27,"column":77}},"locations":[{"start":{"line":27,"column":24},"end":{"line":27,"column":77}}]},"23":{"type":"branch","line":27,"loc":{"start":{"line":27,"column":9},"end":{"line":31,"column":70}},"locations":[{"start":{"line":27,"column":9},"end":{"line":31,"column":70}}]},"24":{"type":"branch","line":28,"loc":{"start":{"line":28,"column":12},"end":{"line":28,"column":24}},"locations":[{"start":{"line":28,"column":12},"end":{"line":28,"column":24}}]},"25":{"type":"branch","line":28,"loc":{"start":{"line":28,"column":24},"end":{"line":28,"column":77}},"locations":[{"start":{"line":28,"column":24},"end":{"line":28,"column":77}}]},"26":{"type":"branch","line":28,"loc":{"start":{"line":28,"column":9},"end":{"line":31,"column":70}},"locations":[{"start":{"line":28,"column":9},"end":{"line":31,"column":70}}]},"27":{"type":"branch","line":29,"loc":{"start":{"line":29,"column":12},"end":{"line":29,"column":24}},"locations":[{"start":{"line":29,"column":12},"end":{"line":29,"column":24}}]},"28":{"type":"branch","line":29,"loc":{"start":{"line":29,"column":24},"end":{"line":31,"column":70}},"locations":[{"start":{"line":29,"column":24},"end":{"line":31,"column":70}}]},"29":{"type":"branch","line":30,"loc":{"start":{"line":30,"column":24},"end":{"line":31,"column":70}},"locations":[{"start":{"line":30,"column":24},"end":{"line":31,"column":70}}]},"30":{"type":"branch","line":33,"loc":{"start":{"line":33,"column":-2},"end":{"line":33,"column":14}},"locations":[{"start":{"line":33,"column":-2},"end":{"line":33,"column":14}}]},"31":{"type":"branch","line":49,"loc":{"start":{"line":49,"column":0},"end":{"line":67,"column":1}},"locations":[{"start":{"line":49,"column":0},"end":{"line":67,"column":1}}]},"32":{"type":"branch","line":50,"loc":{"start":{"line":50,"column":5},"end":{"line":50,"column":52}},"locations":[{"start":{"line":50,"column":5},"end":{"line":50,"column":52}}]},"33":{"type":"branch","line":50,"loc":{"start":{"line":50,"column":5},"end":{"line":50,"column":73}},"locations":[{"start":{"line":50,"column":5},"end":{"line":50,"column":73}}]},"34":{"type":"branch","line":50,"loc":{"start":{"line":50,"column":73},"end":{"line":65,"column":3}},"locations":[{"start":{"line":50,"column":73},"end":{"line":65,"column":3}}]},"35":{"type":"branch","line":53,"loc":{"start":{"line":53,"column":12},"end":{"line":55,"column":5}},"locations":[{"start":{"line":53,"column":12},"end":{"line":55,"column":5}}]},"36":{"type":"branch","line":56,"loc":{"start":{"line":56,"column":11},"end":{"line":58,"column":5}},"locations":[{"start":{"line":56,"column":11},"end":{"line":58,"column":5}}]},"37":{"type":"branch","line":59,"loc":{"start":{"line":59,"column":11},"end":{"line":61,"column":5}},"locations":[{"start":{"line":59,"column":11},"end":{"line":61,"column":5}}]},"38":{"type":"branch","line":63,"loc":{"start":{"line":63,"column":16},"end":{"line":64,"column":15}},"locations":[{"start":{"line":63,"column":16},"end":{"line":64,"column":15}}]},"39":{"type":"branch","line":66,"loc":{"start":{"line":66,"column":-2},"end":{"line":66,"column":14}},"locations":[{"start":{"line":66,"column":-2},"end":{"line":66,"column":14}}]},"40":{"type":"branch","line":77,"loc":{"start":{"line":77,"column":0},"end":{"line":84,"column":1}},"locations":[{"start":{"line":77,"column":0},"end":{"line":84,"column":1}}]},"41":{"type":"branch","line":79,"loc":{"start":{"line":79,"column":5},"end":{"line":79,"column":53}},"locations":[{"start":{"line":79,"column":5},"end":{"line":79,"column":53}}]},"42":{"type":"branch","line":79,"loc":{"start":{"line":79,"column":5},"end":{"line":79,"column":74}},"locations":[{"start":{"line":79,"column":5},"end":{"line":79,"column":74}}]},"43":{"type":"branch","line":79,"loc":{"start":{"line":79,"column":74},"end":{"line":82,"column":3}},"locations":[{"start":{"line":79,"column":74},"end":{"line":82,"column":3}}]},"44":{"type":"branch","line":80,"loc":{"start":{"line":80,"column":14},"end":{"line":80,"column":44}},"locations":[{"start":{"line":80,"column":14},"end":{"line":80,"column":44}}]},"45":{"type":"branch","line":83,"loc":{"start":{"line":83,"column":-2},"end":{"line":83,"column":14}},"locations":[{"start":{"line":83,"column":-2},"end":{"line":83,"column":14}}]},"46":{"type":"branch","line":94,"loc":{"start":{"line":94,"column":0},"end":{"line":120,"column":1}},"locations":[{"start":{"line":94,"column":0},"end":{"line":120,"column":1}}]},"47":{"type":"branch","line":95,"loc":{"start":{"line":95,"column":31},"end":{"line":118,"column":3}},"locations":[{"start":{"line":95,"column":31},"end":{"line":118,"column":3}}]},"48":{"type":"branch","line":97,"loc":{"start":{"line":97,"column":10},"end":{"line":98,"column":20}},"locations":[{"start":{"line":97,"column":10},"end":{"line":98,"column":20}}]},"49":{"type":"branch","line":97,"loc":{"start":{"line":97,"column":16},"end":{"line":97,"column":45}},"locations":[{"start":{"line":97,"column":16},"end":{"line":97,"column":45}}]},"50":{"type":"branch","line":100,"loc":{"start":{"line":100,"column":10},"end":{"line":101,"column":20}},"locations":[{"start":{"line":100,"column":10},"end":{"line":101,"column":20}}]},"51":{"type":"branch","line":100,"loc":{"start":{"line":100,"column":16},"end":{"line":100,"column":46}},"locations":[{"start":{"line":100,"column":16},"end":{"line":100,"column":46}}]},"52":{"type":"branch","line":103,"loc":{"start":{"line":103,"column":10},"end":{"line":104,"column":20}},"locations":[{"start":{"line":103,"column":10},"end":{"line":104,"column":20}}]},"53":{"type":"branch","line":103,"loc":{"start":{"line":103,"column":16},"end":{"line":103,"column":46}},"locations":[{"start":{"line":103,"column":16},"end":{"line":103,"column":46}}]},"54":{"type":"branch","line":106,"loc":{"start":{"line":106,"column":10},"end":{"line":107,"column":20}},"locations":[{"start":{"line":106,"column":10},"end":{"line":107,"column":20}}]},"55":{"type":"branch","line":106,"loc":{"start":{"line":106,"column":16},"end":{"line":106,"column":46}},"locations":[{"start":{"line":106,"column":16},"end":{"line":106,"column":46}}]},"56":{"type":"branch","line":109,"loc":{"start":{"line":109,"column":10},"end":{"line":110,"column":20}},"locations":[{"start":{"line":109,"column":10},"end":{"line":110,"column":20}}]},"57":{"type":"branch","line":109,"loc":{"start":{"line":109,"column":16},"end":{"line":109,"column":46}},"locations":[{"start":{"line":109,"column":16},"end":{"line":109,"column":46}}]},"58":{"type":"branch","line":112,"loc":{"start":{"line":112,"column":10},"end":{"line":113,"column":20}},"locations":[{"start":{"line":112,"column":10},"end":{"line":113,"column":20}}]},"59":{"type":"branch","line":112,"loc":{"start":{"line":112,"column":16},"end":{"line":112,"column":47}},"locations":[{"start":{"line":112,"column":16},"end":{"line":112,"column":47}}]},"60":{"type":"branch","line":115,"loc":{"start":{"line":115,"column":10},"end":{"line":116,"column":20}},"locations":[{"start":{"line":115,"column":10},"end":{"line":116,"column":20}}]},"61":{"type":"branch","line":119,"loc":{"start":{"line":119,"column":-2},"end":{"line":119,"column":14}},"locations":[{"start":{"line":119,"column":-2},"end":{"line":119,"column":14}}]}},"b":{"0":[8],"1":[6],"2":[5],"3":[3],"4":[2],"5":[3],"6":[14],"7":[12],"8":[11],"9":[3],"10":[1],"11":[10],"12":[4],"13":[1],"14":[9],"15":[3],"16":[1],"17":[8],"18":[2],"19":[1],"20":[7],"21":[1],"22":[1],"23":[6],"24":[4],"25":[2],"26":[4],"27":[2],"28":[2],"29":[1],"30":[3],"31":[7],"32":[5],"33":[4],"34":[4],"35":[2],"36":[1],"37":[0],"38":[2],"39":[3],"40":[7],"41":[5],"42":[4],"43":[4],"44":[0],"45":[3],"46":[9],"47":[8],"48":[1],"49":[7],"50":[1],"51":[6],"52":[1],"53":[5],"54":[1],"55":[4],"56":[1],"57":[3],"58":[1],"59":[2],"60":[2],"61":[1]},"fnMap":{"0":{"name":"multiSum","decl":{"start":{"line":3,"column":15},"end":{"line":11,"column":1}},"loc":{"start":{"line":3,"column":15},"end":{"line":11,"column":1}},"line":3},"1":{"name":"getQuarter","decl":{"start":{"line":21,"column":0},"end":{"line":34,"column":1}},"loc":{"start":{"line":21,"column":0},"end":{"line":34,"column":1}},"line":21},"2":{"name":"sumPosNum","decl":{"start":{"line":49,"column":0},"end":{"line":67,"column":1}},"loc":{"start":{"line":49,"column":0},"end":{"line":67,"column":1}},"line":49},"3":{"name":"calcExp","decl":{"start":{"line":77,"column":0},"end":{"line":84,"column":1}},"loc":{"start":{"line":77,"column":0},"end":{"line":84,"column":1}},"line":77},"4":{"name":"getMark","decl":{"start":{"line":94,"column":0},"end":{"line":120,"column":1}},"loc":{"start":{"line":94,"column":0},"end":{"line":120,"column":1}},"line":94}},"f":{"0":8,"1":14,"2":7,"3":7,"4":9}}
,"D:\\DE\\DE_HW_1\\JS\\functions.js": {"path":"D:\\DE\\DE_HW_1\\JS\\functions.js","all":false,"statementMap":{"0":{"start":{"line":1,"column":0},"end":{"line":1,"column":9}},"1":{"start":{"line":2,"column":0},"end":{"line":2,"column":0}},"2":{"start":{"line":3,"column":0},"end":{"line":3,"column":19}},"3":{"start":{"line":4,"column":0},"end":{"line":4,"column":27}},"4":{"start":{"line":5,"column":0},"end":{"line":5,"column":18}},"5":{"start":{"line":6,"column":0},"end":{"line":6,"column":11}},"6":{"start":{"line":7,"column":0},"end":{"line":7,"column":22}},"7":{"start":{"line":8,"column":0},"end":{"line":8,"column":0}},"8":{"start":{"line":9,"column":0},"end":{"line":9,"column":11}},"9":{"start":{"line":10,"column":0},"end":{"line":10,"column":22}},"10":{"start":{"line":11,"column":0},"end":{"line":11,"column":0}},"11":{"start":{"line":12,"column":0},"end":{"line":12,"column":11}},"12":{"start":{"line":13,"column":0},"end":{"line":13,"column":22}},"13":{"start":{"line":14,"column":0},"end":{"line":14,"column":0}},"14":{"start":{"line":15,"column":0},"end":{"line":15,"column":11}},"15":{"start":{"line":16,"column":0},"end":{"line":16,"column":22}},"16":{"start":{"line":17,"column":0},"end":{"line":17,"column":0}},"17":{"start":{"line":18,"column":0},"end":{"line":18,"column":11}},"18":{"start":{"line":19,"column":0},"end":{"line":19,"column":24}},"19":{"start":{"line":20,"column":0},"end":{"line":20,"column":0}},"20":{"start":{"line":21,"column":0},"end":{"line":21,"column":11}},"21":{"start":{"line":22,"column":0},"end":{"line":22,"column":24}},"22":{"start":{"line":23,"column":0},"end":{"line":23,"column":0}},"23":{"start":{"line":24,"column":0},"end":{"line":24,"column":11}},"24":{"start":{"line":25,"column":0},"end":{"line":25,"column":24}},"25":{"start":{"line":26,"column":0},"end":{"line":26,"column":0}},"26":{"start":{"line":27,"column":0},"end":{"line":27,"column":12}},"27":{"start":{"line":28,"column":0},"end":{"line":28,"column":28}},"28":{"start":{"line":29,"column":0},"end":{"line":29,"column":5}},"29":{"start":{"line":30,"column":0},"end":{"line":30,"column":3}},"30":{"start":{"line":31,"column":0},"end":{"line":31,"column":21}},"31":{"start":{"line":32,"column":0},"end":{"line":32,"column":1}},"32":{"start":{"line":33,"column":0},"end":{"line":33,"column":0}},"33":{"start":{"line":34,"column":0},"end":{"line":34,"column":25}},"34":{"start":{"line":35,"column":0},"end":{"line":35,"column":26}},"35":{"start":{"line":36,"column":0},"end":{"line":36,"column":25}},"36":{"start":{"line":37,"column":0},"end":{"line":37,"column":0}},"37":{"start":{"line":38,"column":0},"end":{"line":38,"column":9}},"38":{"start":{"line":39,"column":0},"end":{"line":39,"column":0}},"39":{"start":{"line":40,"column":0},"end":{"line":40,"column":57}},"40":{"start":{"line":41,"column":0},"end":{"line":41,"column":159}},"41":{"start":{"line":42,"column":0},"end":{"line":42,"column":18}},"42":{"start":{"line":43,"column":0},"end":{"line":43,"column":3}},"43":{"start":{"line":44,"column":0},"end":{"line":44,"column":9}},"44":{"start":{"line":45,"column":0},"end":{"line":45,"column":4}},"45":{"start":{"line":46,"column":0},"end":{"line":46,"column":15}},"46":{"start":{"line":47,"column":0},"end":{"line":47,"column":6}},"47":{"start":{"line":48,"column":0},"end":{"line":48,"column":81}},"48":{"start":{"line":49,"column":0},"end":{"line":49,"column":0}},"49":{"start":{"line":50,"column":0},"end":{"line":50,"column":49}},"50":{"start":{"line":51,"column":0},"end":{"line":51,"column":16}},"51":{"start":{"line":52,"column":0},"end":{"line":52,"column":3}},"52":{"start":{"line":53,"column":0},"end":{"line":53,"column":1}},"53":{"start":{"line":54,"column":0},"end":{"line":54,"column":0}},"54":{"start":{"line":55,"column":0},"end":{"line":55,"column":47}},"55":{"start":{"line":56,"column":0},"end":{"line":56,"column":50}},"56":{"start":{"line":57,"column":0},"end":{"line":57,"column":40}},"57":{"start":{"line":58,"column":0},"end":{"line":58,"column":0}},"58":{"start":{"line":59,"column":0},"end":{"line":59,"column":0}},"59":{"start":{"line":60,"column":0},"end":{"line":60,"column":9}},"60":{"start":{"line":61,"column":0},"end":{"line":61,"column":0}},"61":{"start":{"line":62,"column":0},"end":{"line":62,"column":27}},"62":{"start":{"line":63,"column":0},"end":{"line":63,"column":26}},"63":{"start":{"line":64,"column":0},"end":{"line":64,"column":43}},"64":{"start":{"line":65,"column":0},"end":{"line":65,"column":6}},"65":{"start":{"line":66,"column":0},"end":{"line":66,"column":23}},"66":{"start":{"line":67,"column":0},"end":{"line":67,"column":20}},"67":{"start":{"line":68,"column":0},"end":{"line":68,"column":6}},"68":{"start":{"line":69,"column":0},"end":{"line":69,"column":10}},"69":{"start":{"line":70,"column":0},"end":{"line":70,"column":25}},"70":{"start":{"line":71,"column":0},"end":{"line":71,"column":19}},"71":{"start":{"line":72,"column":0},"end":{"line":72,"column":24}},"72":{"start":{"line":73,"column":0},"end":{"line":73,"column":20}},"73":{"start":{"line":74,"column":0},"end":{"line":74,"column":30}},"74":{"start":{"line":75,"column":0},"end":{"line":75,"column":22}},"75":{"start":{"line":76,"column":0},"end":{"line":76,"column":18}},"76":{"start":{"line":77,"column":0},"end":{"line":77,"column":12}},"77":{"start":{"line":78,"column":0},"end":{"line":78,"column":8}},"78":{"start":{"line":79,"column":0},"end":{"line":79,"column":0}},"79":{"start":{"line":80,"column":0},"end":{"line":80,"column":20}},"80":{"start":{"line":81,"column":0},"end":{"line":81,"column":8}},"81":{"start":{"line":82,"column":0},"end":{"line":82,"column":37}},"82":{"start":{"line":83,"column":0},"end":{"line":83,"column":42}},"83":{"start":{"line":84,"column":0},"end":{"line":84,"column":42}},"84":{"start":{"line":85,"column":0},"end":{"line":85,"column":45}},"85":{"start":{"line":86,"column":0},"end":{"line":86,"column":43}},"86":{"start":{"line":87,"column":0},"end":{"line":87,"column":44}},"87":{"start":{"line":88,"column":0},"end":{"line":88,"column":43}},"88":{"start":{"line":89,"column":0},"end":{"line":89,"column":45}},"89":{"start":{"line":90,"column":0},"end":{"line":90,"column":45}},"90":{"start":{"line":91,"column":0},"end":{"line":91,"column":24}},"91":{"start":{"line":92,"column":0},"end":{"line":92,"column":8}},"92":{"start":{"line":93,"column":0},"end":{"line":93,"column":19}},"93":{"start":{"line":94,"column":0},"end":{"line":94,"column":22}},"94":{"start":{"line":95,"column":0},"end":{"line":95,"column":10}},"95":{"start":{"line":96,"column":0},"end":{"line":96,"column":42}},"96":{"start":{"line":97,"column":0},"end":{"line":97,"column":47}},"97":{"start":{"line":98,"column":0},"end":{"line":98,"column":48}},"98":{"start":{"line":99,"column":0},"end":{"line":99,"column":48}},"99":{"start":{"line":100,"column":0},"end":{"line":100,"column":50}},"100":{"start":{"line":101,"column":0},"end":{"line":101,"column":48}},"101":{"start":{"line":102,"column":0},"end":{"line":102,"column":49}},"102":{"start":{"line":103,"column":0},"end":{"line":103,"column":48}},"103":{"start":{"line":104,"column":0},"end":{"line":104,"column":50}},"104":{"start":{"line":105,"column":0},"end":{"line":105,"column":50}},"105":{"start":{"line":106,"column":0},"end":{"line":106,"column":26}},"106":{"start":{"line":107,"column":0},"end":{"line":107,"column":10}},"107":{"start":{"line":108,"column":0},"end":{"line":108,"column":8}},"108":{"start":{"line":109,"column":0},"end":{"line":109,"column":12}},"109":{"start":{"line":110,"column":0},"end":{"line":110,"column":22}},"110":{"start":{"line":111,"column":0},"end":{"line":111,"column":10}},"111":{"start":{"line":112,"column":0},"end":{"line":112,"column":47}},"112":{"start":{"line":113,"column":0},"end":{"line":113,"column":47}},"113":{"start":{"line":114,"column":0},"end":{"line":114,"column":44}},"114":{"start":{"line":115,"column":0},"end":{"line":115,"column":48}},"115":{"start":{"line":116,"column":0},"end":{"line":116,"column":49}},"116":{"start":{"line":117,"column":0},"end":{"line":117,"column":48}},"117":{"start":{"line":118,"column":0},"end":{"line":118,"column":50}},"118":{"start":{"line":119,"column":0},"end":{"line":119,"column":48}},"119":{"start":{"line":120,"column":0},"end":{"line":120,"column":26}},"120":{"start":{"line":121,"column":0},"end":{"line":121,"column":10}},"121":{"start":{"line":122,"column":0},"end":{"line":122,"column":22}},"122":{"start":{"line":123,"column":0},"end":{"line":123,"column":10}},"123":{"start":{"line":124,"column":0},"end":{"line":124,"column":41}},"124":{"start":{"line":125,"column":0},"end":{"line":125,"column":41}},"125":{"start":{"line":126,"column":0},"end":{"line":126,"column":41}},"126":{"start":{"line":127,"column":0},"end":{"line":127,"column":44}},"127":{"start":{"line":128,"column":0},"end":{"line":128,"column":42}},"128":{"start":{"line":129,"column":0},"end":{"line":129,"column":43}},"129":{"start":{"line":130,"column":0},"end":{"line":130,"column":42}},"130":{"start":{"line":131,"column":0},"end":{"line":131,"column":44}},"131":{"start":{"line":132,"column":0},"end":{"line":132,"column":44}},"132":{"start":{"line":133,"column":0},"end":{"line":133,"column":26}},"133":{"start":{"line":134,"column":0},"end":{"line":134,"column":10}},"134":{"start":{"line":135,"column":0},"end":{"line":135,"column":8}},"135":{"start":{"line":136,"column":0},"end":{"line":136,"column":17}},"136":{"start":{"line":137,"column":0},"end":{"line":137,"column":6}},"137":{"start":{"line":138,"column":0},"end":{"line":138,"column":4}},"138":{"start":{"line":139,"column":0},"end":{"line":139,"column":0}},"139":{"start":{"line":140,"column":0},"end":{"line":140,"column":30}},"140":{"start":{"line":141,"column":0},"end":{"line":141,"column":29}},"141":{"start":{"line":142,"column":0},"end":{"line":142,"column":30}},"142":{"start":{"line":143,"column":0},"end":{"line":143,"column":30}},"143":{"start":{"line":144,"column":0},"end":{"line":144,"column":28}},"144":{"start":{"line":145,"column":0},"end":{"line":145,"column":31}},"145":{"start":{"line":146,"column":0},"end":{"line":146,"column":31}},"146":{"start":{"line":147,"column":0},"end":{"line":147,"column":0}},"147":{"start":{"line":148,"column":0},"end":{"line":148,"column":25}},"148":{"start":{"line":149,"column":0},"end":{"line":149,"column":99}},"149":{"start":{"line":150,"column":0},"end":{"line":150,"column":92}},"150":{"start":{"line":151,"column":0},"end":{"line":151,"column":116}},"151":{"start":{"line":152,"column":0},"end":{"line":152,"column":31}},"152":{"start":{"line":153,"column":0},"end":{"line":153,"column":18}},"153":{"start":{"line":154,"column":0},"end":{"line":154,"column":3}},"154":{"start":{"line":155,"column":0},"end":{"line":155,"column":23}},"155":{"start":{"line":156,"column":0},"end":{"line":156,"column":40}},"156":{"start":{"line":157,"column":0},"end":{"line":157,"column":3}},"157":{"start":{"line":158,"column":0},"end":{"line":158,"column":20}},"158":{"start":{"line":159,"column":0},"end":{"line":159,"column":17}},"159":{"start":{"line":160,"column":0},"end":{"line":160,"column":3}},"160":{"start":{"line":161,"column":0},"end":{"line":161,"column":7}},"161":{"start":{"line":162,"column":0},"end":{"line":162,"column":22}},"162":{"start":{"line":163,"column":0},"end":{"line":163,"column":18}},"163":{"start":{"line":164,"column":0},"end":{"line":164,"column":0}},"164":{"start":{"line":165,"column":0},"end":{"line":165,"column":16}},"165":{"start":{"line":166,"column":0},"end":{"line":166,"column":21}},"166":{"start":{"line":167,"column":0},"end":{"line":167,"column":17}},"167":{"start":{"line":168,"column":0},"end":{"line":168,"column":27}},"168":{"start":{"line":169,"column":0},"end":{"line":169,"column":26}},"169":{"start":{"line":170,"column":0},"end":{"line":170,"column":15}},"170":{"start":{"line":171,"column":0},"end":{"line":171,"column":9}},"171":{"start":{"line":172,"column":0},"end":{"line":172,"column":5}},"172":{"start":{"line":173,"column":0},"end":{"line":173,"column":0}},"173":{"start":{"line":174,"column":0},"end":{"line":174,"column":19}},"174":{"start":{"line":175,"column":0},"end":{"line":175,"column":48}},"175":{"start":{"line":176,"column":0},"end":{"line":176,"column":5}},"176":{"start":{"line":177,"column":0},"end":{"line":177,"column":0}},"177":{"start":{"line":178,"column":0},"end":{"line":178,"column":33}},"178":{"start":{"line":179,"column":0},"end":{"line":179,"column":47}},"179":{"start":{"line":180,"column":0},"end":{"line":180,"column":5}},"180":{"start":{"line":181,"column":0},"end":{"line":181,"column":23}},"181":{"start":{"line":182,"column":0},"end":{"line":182,"column":32}},"182":{"start":{"line":183,"column":0},"end":{"line":183,"column":5}},"183":{"start":{"line":184,"column":0},"end":{"line":184,"column":9}},"184":{"start":{"line":185,"column":0},"end":{"line":185,"column":22}},"185":{"start":{"line":186,"column":0},"end":{"line":186,"column":5}},"186":{"start":{"line":187,"column":0},"end":{"line":187,"column":0}},"187":{"start":{"line":188,"column":0},"end":{"line":188,"column":14}},"188":{"start":{"line":189,"column":0},"end":{"line":189,"column":3}},"189":{"start":{"line":190,"column":0},"end":{"line":190,"column":1}},"190":{"start":{"line":191,"column":0},"end":{"line":191,"column":0}},"191":{"start":{"line":192,"column":0},"end":{"line":192,"column":29}},"192":{"start":{"line":193,"column":0},"end":{"line":193,"column":30}},"193":{"start":{"line":194,"column":0},"end":{"line":194,"column":30}},"194":{"start":{"line":195,"column":0},"end":{"line":195,"column":31}},"195":{"start":{"line":196,"column":0},"end":{"line":196,"column":31}},"196":{"start":{"line":197,"column":0},"end":{"line":197,"column":31}},"197":{"start":{"line":198,"column":0},"end":{"line":198,"column":0}},"198":{"start":{"line":199,"column":0},"end":{"line":199,"column":0}},"199":{"start":{"line":200,"column":0},"end":{"line":200,"column":9}},"200":{"start":{"line":201,"column":0},"end":{"line":201,"column":0}},"201":{"start":{"line":202,"column":0},"end":{"line":202,"column":32}},"202":{"start":{"line":203,"column":0},"end":{"line":203,"column":30}},"203":{"start":{"line":204,"column":0},"end":{"line":204,"column":14}},"204":{"start":{"line":205,"column":0},"end":{"line":205,"column":0}},"205":{"start":{"line":206,"column":0},"end":{"line":206,"column":25}},"206":{"start":{"line":207,"column":0},"end":{"line":207,"column":24}},"207":{"start":{"line":208,"column":0},"end":{"line":208,"column":12}},"208":{"start":{"line":209,"column":0},"end":{"line":209,"column":41}},"209":{"start":{"line":210,"column":0},"end":{"line":210,"column":44}},"210":{"start":{"line":211,"column":0},"end":{"line":211,"column":44}},"211":{"start":{"line":212,"column":0},"end":{"line":212,"column":47}},"212":{"start":{"line":213,"column":0},"end":{"line":213,"column":45}},"213":{"start":{"line":214,"column":0},"end":{"line":214,"column":46}},"214":{"start":{"line":215,"column":0},"end":{"line":215,"column":45}},"215":{"start":{"line":216,"column":0},"end":{"line":216,"column":47}},"216":{"start":{"line":217,"column":0},"end":{"line":217,"column":47}},"217":{"start":{"line":218,"column":0},"end":{"line":218,"column":12}},"218":{"start":{"line":219,"column":0},"end":{"line":219,"column":23}},"219":{"start":{"line":220,"column":0},"end":{"line":220,"column":12}},"220":{"start":{"line":221,"column":0},"end":{"line":221,"column":45}},"221":{"start":{"line":222,"column":0},"end":{"line":222,"column":45}},"222":{"start":{"line":223,"column":0},"end":{"line":223,"column":42}},"223":{"start":{"line":224,"column":0},"end":{"line":224,"column":46}},"224":{"start":{"line":225,"column":0},"end":{"line":225,"column":47}},"225":{"start":{"line":226,"column":0},"end":{"line":226,"column":46}},"226":{"start":{"line":227,"column":0},"end":{"line":227,"column":48}},"227":{"start":{"line":228,"column":0},"end":{"line":228,"column":46}},"228":{"start":{"line":229,"column":0},"end":{"line":229,"column":12}},"229":{"start":{"line":230,"column":0},"end":{"line":230,"column":23}},"230":{"start":{"line":231,"column":0},"end":{"line":231,"column":12}},"231":{"start":{"line":232,"column":0},"end":{"line":232,"column":40}},"232":{"start":{"line":233,"column":0},"end":{"line":233,"column":39}},"233":{"start":{"line":234,"column":0},"end":{"line":234,"column":39}},"234":{"start":{"line":235,"column":0},"end":{"line":235,"column":42}},"235":{"start":{"line":236,"column":0},"end":{"line":236,"column":40}},"236":{"start":{"line":237,"column":0},"end":{"line":237,"column":41}},"237":{"start":{"line":238,"column":0},"end":{"line":238,"column":40}},"238":{"start":{"line":239,"column":0},"end":{"line":239,"column":42}},"239":{"start":{"line":240,"column":0},"end":{"line":240,"column":42}},"240":{"start":{"line":241,"column":0},"end":{"line":241,"column":42}},"241":{"start":{"line":242,"column":0},"end":{"line":242,"column":12}},"242":{"start":{"line":243,"column":0},"end":{"line":243,"column":8}},"243":{"start":{"line":244,"column":0},"end":{"line":244,"column":30}},"244":{"start":{"line":245,"column":0},"end":{"line":245,"column":24}},"245":{"start":{"line":246,"column":0},"end":{"line":246,"column":41}},"246":{"start":{"line":247,"column":0},"end":{"line":247,"column":44}},"247":{"start":{"line":248,"column":0},"end":{"line":248,"column":44}},"248":{"start":{"line":249,"column":0},"end":{"line":249,"column":47}},"249":{"start":{"line":250,"column":0},"end":{"line":250,"column":45}},"250":{"start":{"line":251,"column":0},"end":{"line":251,"column":46}},"251":{"start":{"line":252,"column":0},"end":{"line":252,"column":45}},"252":{"start":{"line":253,"column":0},"end":{"line":253,"column":47}},"253":{"start":{"line":254,"column":0},"end":{"line":254,"column":47}},"254":{"start":{"line":255,"column":0},"end":{"line":255,"column":45}},"255":{"start":{"line":256,"column":0},"end":{"line":256,"column":45}},"256":{"start":{"line":257,"column":0},"end":{"line":257,"column":42}},"257":{"start":{"line":258,"column":0},"end":{"line":258,"column":46}},"258":{"start":{"line":259,"column":0},"end":{"line":259,"column":47}},"259":{"start":{"line":260,"column":0},"end":{"line":260,"column":46}},"260":{"start":{"line":261,"column":0},"end":{"line":261,"column":48}},"261":{"start":{"line":262,"column":0},"end":{"line":262,"column":46}},"262":{"start":{"line":263,"column":0},"end":{"line":263,"column":12}},"263":{"start":{"line":264,"column":0},"end":{"line":264,"column":24}},"264":{"start":{"line":265,"column":0},"end":{"line":265,"column":44}},"265":{"start":{"line":266,"column":0},"end":{"line":266,"column":45}},"266":{"start":{"line":267,"column":0},"end":{"line":267,"column":42}},"267":{"start":{"line":268,"column":0},"end":{"line":268,"column":46}},"268":{"start":{"line":269,"column":0},"end":{"line":269,"column":47}},"269":{"start":{"line":270,"column":0},"end":{"line":270,"column":46}},"270":{"start":{"line":271,"column":0},"end":{"line":271,"column":48}},"271":{"start":{"line":272,"column":0},"end":{"line":272,"column":46}},"272":{"start":{"line":273,"column":0},"end":{"line":273,"column":40}},"273":{"start":{"line":274,"column":0},"end":{"line":274,"column":39}},"274":{"start":{"line":275,"column":0},"end":{"line":275,"column":39}},"275":{"start":{"line":276,"column":0},"end":{"line":276,"column":42}},"276":{"start":{"line":277,"column":0},"end":{"line":277,"column":40}},"277":{"start":{"line":278,"column":0},"end":{"line":278,"column":41}},"278":{"start":{"line":279,"column":0},"end":{"line":279,"column":40}},"279":{"start":{"line":280,"column":0},"end":{"line":280,"column":42}},"280":{"start":{"line":281,"column":0},"end":{"line":281,"column":42}},"281":{"start":{"line":282,"column":0},"end":{"line":282,"column":46}},"282":{"start":{"line":283,"column":0},"end":{"line":283,"column":47}},"283":{"start":{"line":284,"column":0},"end":{"line":284,"column":47}},"284":{"start":{"line":285,"column":0},"end":{"line":285,"column":49}},"285":{"start":{"line":286,"column":0},"end":{"line":286,"column":47}},"286":{"start":{"line":287,"column":0},"end":{"line":287,"column":48}},"287":{"start":{"line":288,"column":0},"end":{"line":288,"column":47}},"288":{"start":{"line":289,"column":0},"end":{"line":289,"column":49}},"289":{"start":{"line":290,"column":0},"end":{"line":290,"column":49}},"290":{"start":{"line":291,"column":0},"end":{"line":291,"column":43}},"291":{"start":{"line":292,"column":0},"end":{"line":292,"column":16}},"292":{"start":{"line":293,"column":0},"end":{"line":293,"column":12}},"293":{"start":{"line":294,"column":0},"end":{"line":294,"column":34}},"294":{"start":{"line":295,"column":0},"end":{"line":295,"column":28}},"295":{"start":{"line":296,"column":0},"end":{"line":296,"column":41}},"296":{"start":{"line":297,"column":0},"end":{"line":297,"column":44}},"297":{"start":{"line":298,"column":0},"end":{"line":298,"column":44}},"298":{"start":{"line":299,"column":0},"end":{"line":299,"column":47}},"299":{"start":{"line":300,"column":0},"end":{"line":300,"column":45}},"300":{"start":{"line":301,"column":0},"end":{"line":301,"column":46}},"301":{"start":{"line":302,"column":0},"end":{"line":302,"column":45}},"302":{"start":{"line":303,"column":0},"end":{"line":303,"column":47}},"303":{"start":{"line":304,"column":0},"end":{"line":304,"column":47}},"304":{"start":{"line":305,"column":0},"end":{"line":305,"column":43}},"305":{"start":{"line":306,"column":0},"end":{"line":306,"column":45}},"306":{"start":{"line":307,"column":0},"end":{"line":307,"column":45}},"307":{"start":{"line":308,"column":0},"end":{"line":308,"column":42}},"308":{"start":{"line":309,"column":0},"end":{"line":309,"column":46}},"309":{"start":{"line":310,"column":0},"end":{"line":310,"column":47}},"310":{"start":{"line":311,"column":0},"end":{"line":311,"column":46}},"311":{"start":{"line":312,"column":0},"end":{"line":312,"column":48}},"312":{"start":{"line":313,"column":0},"end":{"line":313,"column":46}},"313":{"start":{"line":314,"column":0},"end":{"line":314,"column":46}},"3
[...]
art":{"line":8,"column":0},"end":{"line":8,"column":20}},"8":{"start":{"line":9,"column":0},"end":{"line":9,"column":9}},"9":{"start":{"line":10,"column":0},"end":{"line":10,"column":5}},"10":{"start":{"line":11,"column":0},"end":{"line":11,"column":0}},"11":{"start":{"line":12,"column":0},"end":{"line":12,"column":14}},"12":{"start":{"line":13,"column":0},"end":{"line":13,"column":1}},"13":{"start":{"line":14,"column":0},"end":{"line":14,"column":0}},"14":{"start":{"line":15,"column":0},"end":{"line":15,"column":28}},"15":{"start":{"line":16,"column":0},"end":{"line":16,"column":0}},"16":{"start":{"line":17,"column":0},"end":{"line":17,"column":9}},"17":{"start":{"line":18,"column":0},"end":{"line":18,"column":0}},"18":{"start":{"line":19,"column":0},"end":{"line":19,"column":31}},"19":{"start":{"line":20,"column":0},"end":{"line":20,"column":16}},"20":{"start":{"line":21,"column":0},"end":{"line":21,"column":33}},"21":{"start":{"line":22,"column":0},"end":{"line":22,"column":24}},"22":{"start":{"line":23,"column":0},"end":{"line":23,"column":45}},"23":{"start":{"line":24,"column":0},"end":{"line":24,"column":37}},"24":{"start":{"line":25,"column":0},"end":{"line":25,"column":38}},"25":{"start":{"line":26,"column":0},"end":{"line":26,"column":17}},"26":{"start":{"line":27,"column":0},"end":{"line":27,"column":13}},"27":{"start":{"line":28,"column":0},"end":{"line":28,"column":39}},"28":{"start":{"line":29,"column":0},"end":{"line":29,"column":31}},"29":{"start":{"line":30,"column":0},"end":{"line":30,"column":13}},"30":{"start":{"line":31,"column":0},"end":{"line":31,"column":9}},"31":{"start":{"line":32,"column":0},"end":{"line":32,"column":14}},"32":{"start":{"line":33,"column":0},"end":{"line":33,"column":27}},"33":{"start":{"line":34,"column":0},"end":{"line":34,"column":9}},"34":{"start":{"line":35,"column":0},"end":{"line":35,"column":0}},"35":{"start":{"line":36,"column":0},"end":{"line":36,"column":18}},"36":{"start":{"line":37,"column":0},"end":{"line":37,"column":5}},"37":{"start":{"line":38,"column":0},"end":{"line":38,"column":23}},"38":{"start":{"line":39,"column":0},"end":{"line":39,"column":1}},"39":{"start":{"line":40,"column":0},"end":{"line":40,"column":0}},"40":{"start":{"line":41,"column":0},"end":{"line":41,"column":32}},"41":{"start":{"line":42,"column":0},"end":{"line":42,"column":32}},"42":{"start":{"line":43,"column":0},"end":{"line":43,"column":32}},"43":{"start":{"line":44,"column":0},"end":{"line":44,"column":33}},"44":{"start":{"line":45,"column":0},"end":{"line":45,"column":33}},"45":{"start":{"line":46,"column":0},"end":{"line":46,"column":34}},"46":{"start":{"line":47,"column":0},"end":{"line":47,"column":31}},"47":{"start":{"line":48,"column":0},"end":{"line":48,"column":0}},"48":{"start":{"line":49,"column":0},"end":{"line":49,"column":0}},"49":{"start":{"line":50,"column":0},"end":{"line":50,"column":9}},"50":{"start":{"line":51,"column":0},"end":{"line":51,"column":28}},"51":{"start":{"line":52,"column":0},"end":{"line":52,"column":38}},"52":{"start":{"line":53,"column":0},"end":{"line":53,"column":24}},"53":{"start":{"line":54,"column":0},"end":{"line":54,"column":45}},"54":{"start":{"line":55,"column":0},"end":{"line":55,"column":24}},"55":{"start":{"line":56,"column":0},"end":{"line":56,"column":9}},"56":{"start":{"line":57,"column":0},"end":{"line":57,"column":23}},"57":{"start":{"line":58,"column":0},"end":{"line":58,"column":5}},"58":{"start":{"line":59,"column":0},"end":{"line":59,"column":23}},"59":{"start":{"line":60,"column":0},"end":{"line":60,"column":1}},"60":{"start":{"line":61,"column":0},"end":{"line":61,"column":0}},"61":{"start":{"line":62,"column":0},"end":{"line":62,"column":34}},"62":{"start":{"line":63,"column":0},"end":{"line":63,"column":33}},"63":{"start":{"line":64,"column":0},"end":{"line":64,"column":33}},"64":{"start":{"line":65,"column":0},"end":{"line":65,"column":33}},"65":{"start":{"line":66,"column":0},"end":{"line":66,"column":35}},"66":{"start":{"line":67,"column":0},"end":{"line":67,"column":0}},"67":{"start":{"line":68,"column":0},"end":{"line":68,"column":0}},"68":{"start":{"line":69,"column":0},"end":{"line":69,"column":27}},"69":{"start":{"line":70,"column":0},"end":{"line":70,"column":42}},"70":{"start":{"line":71,"column":0},"end":{"line":71,"column":17}},"71":{"start":{"line":72,"column":0},"end":{"line":72,"column":21}},"72":{"start":{"line":73,"column":0},"end":{"line":73,"column":20}},"73":{"start":{"line":74,"column":0},"end":{"line":74,"column":26}},"74":{"start":{"line":75,"column":0},"end":{"line":75,"column":33}},"75":{"start":{"line":76,"column":0},"end":{"line":76,"column":0}},"76":{"start":{"line":77,"column":0},"end":{"line":77,"column":31}},"77":{"start":{"line":78,"column":0},"end":{"line":78,"column":0}},"78":{"start":{"line":79,"column":0},"end":{"line":79,"column":29}},"79":{"start":{"line":80,"column":0},"end":{"line":80,"column":26}},"80":{"start":{"line":81,"column":0},"end":{"line":81,"column":13}},"81":{"start":{"line":82,"column":0},"end":{"line":82,"column":0}},"82":{"start":{"line":83,"column":0},"end":{"line":83,"column":28}},"83":{"start":{"line":84,"column":0},"end":{"line":84,"column":27}},"84":{"start":{"line":85,"column":0},"end":{"line":85,"column":23}},"85":{"start":{"line":86,"column":0},"end":{"line":86,"column":13}},"86":{"start":{"line":87,"column":0},"end":{"line":87,"column":17}},"87":{"start":{"line":88,"column":0},"end":{"line":88,"column":25}},"88":{"start":{"line":89,"column":0},"end":{"line":89,"column":13}},"89":{"start":{"line":90,"column":0},"end":{"line":90,"column":9}},"90":{"start":{"line":91,"column":0},"end":{"line":91,"column":18}},"91":{"start":{"line":92,"column":0},"end":{"line":92,"column":5}},"92":{"start":{"line":93,"column":0},"end":{"line":93,"column":23}},"93":{"start":{"line":94,"column":0},"end":{"line":94,"column":1}},"94":{"start":{"line":95,"column":0},"end":{"line":95,"column":0}},"95":{"start":{"line":96,"column":0},"end":{"line":96,"column":31}},"96":{"start":{"line":97,"column":0},"end":{"line":97,"column":30}},"97":{"start":{"line":98,"column":0},"end":{"line":98,"column":30}},"98":{"start":{"line":99,"column":0},"end":{"line":99,"column":30}},"99":{"start":{"line":100,"column":0},"end":{"line":100,"column":32}},"100":{"start":{"line":101,"column":0},"end":{"line":101,"column":0}},"101":{"start":{"line":102,"column":0},"end":{"line":102,"column":0}},"102":{"start":{"line":103,"column":0},"end":{"line":103,"column":9}},"103":{"start":{"line":104,"column":0},"end":{"line":104,"column":0}},"104":{"start":{"line":105,"column":0},"end":{"line":105,"column":26}},"105":{"start":{"line":106,"column":0},"end":{"line":106,"column":38}},"106":{"start":{"line":107,"column":0},"end":{"line":107,"column":25}},"107":{"start":{"line":108,"column":0},"end":{"line":108,"column":0}},"108":{"start":{"line":109,"column":0},"end":{"line":109,"column":41}},"109":{"start":{"line":110,"column":0},"end":{"line":110,"column":37}},"110":{"start":{"line":111,"column":0},"end":{"line":111,"column":9}},"111":{"start":{"line":112,"column":0},"end":{"line":112,"column":0}},"112":{"start":{"line":113,"column":0},"end":{"line":113,"column":24}},"113":{"start":{"line":114,"column":0},"end":{"line":114,"column":5}},"114":{"start":{"line":115,"column":0},"end":{"line":115,"column":23}},"115":{"start":{"line":116,"column":0},"end":{"line":116,"column":1}},"116":{"start":{"line":117,"column":0},"end":{"line":117,"column":0}},"117":{"start":{"line":118,"column":0},"end":{"line":118,"column":32}},"118":{"start":{"line":119,"column":0},"end":{"line":119,"column":32}},"119":{"start":{"line":120,"column":0},"end":{"line":120,"column":31}},"120":{"start":{"line":121,"column":0},"end":{"line":121,"column":33}},"121":{"start":{"line":122,"column":0},"end":{"line":122,"column":0}},"122":{"start":{"line":123,"column":0},"end":{"line":123,"column":9}},"123":{"start":{"line":124,"column":0},"end":{"line":124,"column":0}},"124":{"start":{"line":125,"column":0},"end":{"line":125,"column":27}},"125":{"start":{"line":126,"column":0},"end":{"line":126,"column":31}},"126":{"start":{"line":127,"column":0},"end":{"line":127,"column":17}},"127":{"start":{"line":128,"column":0},"end":{"line":128,"column":19}},"128":{"start":{"line":129,"column":0},"end":{"line":129,"column":0}},"129":{"start":{"line":130,"column":0},"end":{"line":130,"column":29}},"130":{"start":{"line":131,"column":0},"end":{"line":131,"column":0}},"131":{"start":{"line":132,"column":0},"end":{"line":132,"column":26}},"132":{"start":{"line":133,"column":0},"end":{"line":133,"column":24}},"133":{"start":{"line":134,"column":0},"end":{"line":134,"column":25}},"134":{"start":{"line":135,"column":0},"end":{"line":135,"column":24}},"135":{"start":{"line":136,"column":0},"end":{"line":136,"column":31}},"136":{"start":{"line":137,"column":0},"end":{"line":137,"column":9}},"137":{"start":{"line":138,"column":0},"end":{"line":138,"column":0}},"138":{"start":{"line":139,"column":0},"end":{"line":139,"column":18}},"139":{"start":{"line":140,"column":0},"end":{"line":140,"column":5}},"140":{"start":{"line":141,"column":0},"end":{"line":141,"column":23}},"141":{"start":{"line":142,"column":0},"end":{"line":142,"column":1}},"142":{"start":{"line":143,"column":0},"end":{"line":143,"column":0}},"143":{"start":{"line":144,"column":0},"end":{"line":144,"column":33}},"144":{"start":{"line":145,"column":0},"end":{"line":145,"column":32}},"145":{"start":{"line":146,"column":0},"end":{"line":146,"column":34}},"146":{"start":{"line":147,"column":0},"end":{"line":147,"column":34}},"147":{"start":{"line":148,"column":0},"end":{"line":148,"column":33}},"148":{"start":{"line":149,"column":0},"end":{"line":149,"column":0}},"149":{"start":{"line":150,"column":0},"end":{"line":150,"column":9}},"150":{"start":{"line":151,"column":0},"end":{"line":151,"column":0}},"151":{"start":{"line":152,"column":0},"end":{"line":152,"column":22}},"152":{"start":{"line":153,"column":0},"end":{"line":153,"column":40}},"153":{"start":{"line":154,"column":0},"end":{"line":154,"column":17}},"154":{"start":{"line":155,"column":0},"end":{"line":155,"column":20}},"155":{"start":{"line":156,"column":0},"end":{"line":156,"column":0}},"156":{"start":{"line":157,"column":0},"end":{"line":157,"column":26}},"157":{"start":{"line":158,"column":0},"end":{"line":158,"column":24}},"158":{"start":{"line":159,"column":0},"end":{"line":159,"column":36}},"159":{"start":{"line":160,"column":0},"end":{"line":160,"column":24}},"160":{"start":{"line":161,"column":0},"end":{"line":161,"column":31}},"161":{"start":{"line":162,"column":0},"end":{"line":162,"column":9}},"162":{"start":{"line":163,"column":0},"end":{"line":163,"column":0}},"163":{"start":{"line":164,"column":0},"end":{"line":164,"column":26}},"164":{"start":{"line":165,"column":0},"end":{"line":165,"column":5}},"165":{"start":{"line":166,"column":0},"end":{"line":166,"column":23}},"166":{"start":{"line":167,"column":0},"end":{"line":167,"column":1}},"167":{"start":{"line":168,"column":0},"end":{"line":168,"column":0}},"168":{"start":{"line":169,"column":0},"end":{"line":169,"column":27}},"169":{"start":{"line":170,"column":0},"end":{"line":170,"column":30}},"170":{"start":{"line":171,"column":0},"end":{"line":171,"column":31}},"171":{"start":{"line":172,"column":0},"end":{"line":172,"column":27}},"172":{"start":{"line":173,"column":0},"end":{"line":173,"column":0}},"173":{"start":{"line":174,"column":0},"end":{"line":174,"column":108}}},"s":{"0":1,"1":1,"2":0,"3":0,"4":0,"5":0,"6":0,"7":0,"8":0,"9":0,"10":0,"11":0,"12":0,"13":1,"14":1,"15":1,"16":1,"17":1,"18":4,"19":4,"20":4,"21":2,"22":2,"23":3,"24":1,"25":1,"26":3,"27":2,"28":1,"29":1,"30":2,"31":0,"32":0,"33":0,"34":2,"35":2,"36":2,"37":4,"38":4,"39":1,"40":1,"41":1,"42":1,"43":1,"44":1,"45":1,"46":1,"47":1,"48":1,"49":1,"50":4,"51":4,"52":2,"53":2,"54":5,"55":5,"56":2,"57":2,"58":4,"59":4,"60":1,"61":1,"62":1,"63":1,"64":1,"65":1,"66":1,"67":1,"68":4,"69":4,"70":2,"71":2,"72":2,"73":2,"74":5,"75":5,"76":5,"77":5,"78":5,"79":1,"80":1,"81":4,"82":5,"83":2,"84":2,"85":2,"86":2,"87":2,"88":2,"89":5,"90":1,"91":1,"92":4,"93":4,"94":1,"95":1,"96":1,"97":1,"98":1,"99":1,"100":1,"101":1,"102":1,"103":1,"104":4,"105":4,"106":2,"107":2,"108":2,"109":14,"110":14,"111":2,"112":2,"113":2,"114":4,"115":4,"116":1,"117":1,"118":1,"119":1,"120":1,"121":1,"122":1,"123":1,"124":3,"125":3,"126":1,"127":1,"128":1,"129":1,"130":1,"131":1,"132":3,"133":3,"134":3,"135":3,"136":3,"137":1,"138":1,"139":1,"140":3,"141":3,"142":1,"143":1,"144":1,"145":1,"146":1,"147":1,"148":1,"149":1,"150":1,"151":5,"152":5,"153":2,"154":2,"155":2,"156":2,"157":10,"158":10,"159":10,"160":10,"161":10,"162":2,"163":2,"164":2,"165":5,"166":5,"167":1,"168":1,"169":1,"170":1,"171":1,"172":1,"173":1},"branchMap":{"0":{"type":"branch","line":19,"loc":{"start":{"line":19,"column":0},"end":{"line":39,"column":1}},"locations":[{"start":{"line":19,"column":0},"end":{"line":39,"column":1}}]},"1":{"type":"branch","line":21,"loc":{"start":{"line":21,"column":32},"end":{"line":38,"column":16}},"locations":[{"start":{"line":21,"column":32},"end":{"line":38,"column":16}}]},"2":{"type":"branch","line":23,"loc":{"start":{"line":23,"column":44},"end":{"line":27,"column":13}},"locations":[{"start":{"line":23,"column":44},"end":{"line":27,"column":13}}]},"3":{"type":"branch","line":24,"loc":{"start":{"line":24,"column":36},"end":{"line":26,"column":17}},"locations":[{"start":{"line":24,"column":36},"end":{"line":26,"column":17}}]},"4":{"type":"branch","line":28,"loc":{"start":{"line":28,"column":38},"end":{"line":30,"column":13}},"locations":[{"start":{"line":28,"column":38},"end":{"line":30,"column":13}}]},"5":{"type":"branch","line":32,"loc":{"start":{"line":32,"column":-2},"end":{"line":34,"column":9}},"locations":[{"start":{"line":32,"column":-2},"end":{"line":34,"column":9}}]},"6":{"type":"branch","line":51,"loc":{"start":{"line":51,"column":0},"end":{"line":60,"column":1}},"locations":[{"start":{"line":51,"column":0},"end":{"line":60,"column":1}}]},"7":{"type":"branch","line":52,"loc":{"start":{"line":52,"column":7},"end":{"line":52,"column":37}},"locations":[{"start":{"line":52,"column":7},"end":{"line":52,"column":37}}]},"8":{"type":"branch","line":52,"loc":{"start":{"line":52,"column":37},"end":{"line":59,"column":16}},"locations":[{"start":{"line":52,"column":37},"end":{"line":59,"column":16}}]},"9":{"type":"branch","line":54,"loc":{"start":{"line":54,"column":44},"end":{"line":56,"column":9}},"locations":[{"start":{"line":54,"column":44},"end":{"line":56,"column":9}}]},"10":{"type":"branch","line":69,"loc":{"start":{"line":69,"column":0},"end":{"line":94,"column":1}},"locations":[{"start":{"line":69,"column":0},"end":{"line":94,"column":1}}]},"11":{"type":"branch","line":70,"loc":{"start":{"line":70,"column":7},"end":{"line":70,"column":41}},"locations":[{"start":{"line":70,"column":7},"end":{"line":70,"column":41}}]},"12":{"type":"branch","line":70,"loc":{"start":{"line":70,"column":41},"end":{"line":93,"column":16}},"locations":[{"start":{"line":70,"column":41},"end":{"line":93,"column":16}}]},"13":{"type":"branch","line":74,"loc":{"start":{"line":74,"column":25},"end":{"line":90,"column":9}},"locations":[{"start":{"line":74,"column":25},"end":{"line":90,"column":9}}]},"14":{"type":"branch","line":79,"loc":{"start":{"line":79,"column":28},"end":{"line":81,"column":13}},"locations":[{"start":{"line":79,"column":28},"end":{"line":81,"column":13}}]},"15":{"type":"branch","line":82,"loc":{"start":{"line":82,"column":-2},"end":{"line":83,"column":15}},"locations":[{"start":{"line":82,"column":-2},"end":{"line":83,"column":15}}]},"16":{"type":"branch","line":83,"loc":{"start":{"line":83,"column":27},"end":{"line":89,"column":13}},"locations":[{"start":{"line":83,"column":27},"end":{"line":89,"column":13}}]},"17":{"type":"branch","line":91,"loc":{"start":{"line":91,"column":-2},"end":{"line":92,"column":5}},"locations":[{"start":{"line":91,"column":-2},"end":{"line":92,"column":5}}]},"18":{"type":"branch","line":105,"loc":{"start":{"line":105,"column":0},"end":{"line":116,"column":1}},"locations":[{"start":{"line":105,"column":0},"end":{"line":116,"column":1}}]},"19":{"type":"branch","line":106,"loc":{"start":{"line":106,"column":7},"end":{"line":106,"column":37}},"locations":[{"start":{"line":106,"column":7},"end":{"line":106,"column":37}}]},"20":{"type":"branch","line":106,"loc":{"start":{"line":106,"column":37},"end":{"line":115,"column":16}},"locations":[{"start":{"line":106,"column":37},"end":{"line":115,"column":16}}]},"21":{"type":"branch","line":109,"loc":{"start":{"line":109,"column":40},"end":{"line":111,"column":9}},"locations":[{"start":{"line":109,"column":40},"end":{"line":111,"column":9}}]},"22":{"type":"branch","line":125,"loc":{"start":{"line":125,"column":0},"end":{"line":142,"column":1}},"locations":[{"start":{"line":125,"column":0},"end":{"line":142,"column":1}}]},"23":{"type":"branch","line":126,"loc":{"start":{"line":126,"column":30},"end":{"line":140,"column":5}},"locations":[{"start":{"line":126,"column":30},"end":{"line":140,"column":5}}]},"24":{"type":"branch","line":132,"loc":{"start":{"line":132,"column":25},"end":{"line":137,"column":9}},"locations":[{"start":{"line":132,"column":25},"end":{"line":137,"column":9}}]},"25":{"type":"branch","line":141,"loc":{"start":{"line":141,"column":-2},"end":{"line":141,"column":16}},"locations":[{"start":{"line":141,"column":-2},"end":{"line":141,"column":16}}]},"26":{"type":"branch","line":152,"loc":{"start":{"line":152,"column":0},"end":{"line":167,"column":1}},"locations":[{"start":{"line":152,"column":0},"end":{"line":167,"column":1}}]},"27":{"type":"branch","line":153,"loc":{"start":{"line":153,"column":7},"end":{"line":153,"column":39}},"locations":[{"start":{"line":153,"column":7},"end":{"line":153,"column":39}}]},"28":{"type":"branch","line":153,"loc":{"start":{"line":153,"column":39},"end":{"line":165,"column":5}},"locations":[{"start":{"line":153,"column":39},"end":{"line":165,"column":5}}]},"29":{"type":"branch","line":157,"loc":{"start":{"line":157,"column":25},"end":{"line":162,"column":9}},"locations":[{"start":{"line":157,"column":25},"end":{"line":162,"column":9}}]},"30":{"type":"branch","line":166,"loc":{"start":{"line":166,"column":-2},"end":{"line":166,"column":16}},"locations":[{"start":{"line":166,"column":-2},"end":{"line":166,"column":16}}]}},"b":{"0":[4],"1":[2],"2":[3],"3":[1],"4":[1],"5":[0],"6":[4],"7":[2],"8":[2],"9":[5],"10":[4],"11":[2],"12":[2],"13":[5],"14":[1],"15":[4],"16":[2],"17":[1],"18":[4],"19":[2],"20":[2],"21":[14],"22":[3],"23":[1],"24":[3],"25":[2],"26":[5],"27":[3],"28":[2],"29":[10],"30":[3]},"fnMap":{"0":{"name":"getSumEven","decl":{"start":{"line":3,"column":0},"end":{"line":13,"column":1}},"loc":{"start":{"line":3,"column":0},"end":{"line":13,"column":1}},"line":3},"1":{"name":"checkPrimeNum","decl":{"start":{"line":19,"column":0},"end":{"line":39,"column":1}},"loc":{"start":{"line":19,"column":0},"end":{"line":39,"column":1}},"line":19},"2":{"name":"orderSelection","decl":{"start":{"line":51,"column":0},"end":{"line":60,"column":1}},"loc":{"start":{"line":51,"column":0},"end":{"line":60,"column":1}},"line":51},"3":{"name":"binarySerch","decl":{"start":{"line":69,"column":0},"end":{"line":94,"column":1}},"loc":{"start":{"line":69,"column":0},"end":{"line":94,"column":1}},"line":69},"4":{"name":"getFactorial","decl":{"start":{"line":105,"column":0},"end":{"line":116,"column":1}},"loc":{"start":{"line":105,"column":0},"end":{"line":116,"column":1}},"line":105},"5":{"name":"getSumOfNum","decl":{"start":{"line":125,"column":0},"end":{"line":142,"column":1}},"loc":{"start":{"line":125,"column":0},"end":{"line":142,"column":1}},"line":125},"6":{"name":"revNum","decl":{"start":{"line":152,"column":0},"end":{"line":167,"column":1}},"loc":{"start":{"line":152,"column":0},"end":{"line":167,"column":1}},"line":152}},"f":{"0":0,"1":4,"2":4,"3":4,"4":4,"5":3,"6":5}}
}
