TN:
SF:JS\arrays.js
FN:3,minEl
FN:23,maxEl
FN:43,minInd
FN:65,maxInd
FN:86,sumElOdd
FN:107,arrRev
FN:126,countOddElem
FN:144,revHalf
FN:202,bubbleSort
FN:228,selSort
FN:256,insSort
FNF:11
FNH:11
FNDA:6,minEl
FNDA:6,maxEl
FNDA:6,minInd
FNDA:6,maxInd
FNDA:6,sumElOdd
FNDA:8,arrRev
FNDA:6,countOddElem
FNDA:8,revHalf
FNDA:8,bubbleSort
FNDA:8,selSort
FNDA:8,insSort
DA:1,1
DA:2,1
DA:3,6
DA:4,6
DA:5,3
DA:6,3
DA:7,12
DA:8,1
DA:9,1
DA:10,12
DA:11,3
DA:12,3
DA:13,6
DA:14,6
DA:15,1
DA:16,1
DA:17,1
DA:18,1
DA:19,1
DA:20,1
DA:21,1
DA:22,1
DA:23,6
DA:24,6
DA:25,3
DA:26,3
DA:27,3
DA:28,12
DA:29,4
DA:30,4
DA:31,12
DA:32,3
DA:33,3
DA:34,6
DA:35,6
DA:36,1
DA:37,1
DA:38,1
DA:39,1
DA:40,1
DA:41,1
DA:42,1
DA:43,6
DA:44,6
DA:45,3
DA:46,3
DA:47,3
DA:48,9
DA:49,1
DA:50,1
DA:51,9
DA:52,3
DA:53,3
DA:54,3
DA:55,6
DA:56,6
DA:57,1
DA:58,1
DA:59,1
DA:60,1
DA:61,1
DA:62,1
DA:63,1
DA:64,1
DA:65,6
DA:66,6
DA:67,3
DA:68,3
DA:69,3
DA:70,9
DA:71,4
DA:72,4
DA:73,9
DA:74,3
DA:75,3
DA:76,3
DA:77,6
DA:78,6
DA:79,1
DA:80,1
DA:81,1
DA:82,1
DA:83,1
DA:84,1
DA:85,1
DA:86,6
DA:87,6
DA:88,3
DA:89,3
DA:90,3
DA:91,9
DA:92,3
DA:93,3
DA:94,9
DA:95,3
DA:96,3
DA:97,6
DA:98,6
DA:99,1
DA:100,1
DA:101,1
DA:102,1
DA:103,1
DA:104,1
DA:105,1
DA:106,1
DA:107,8
DA:108,8
DA:109,5
DA:110,5
DA:111,5
DA:112,18
DA:113,18
DA:114,5
DA:115,5
DA:116,8
DA:117,8
DA:118,1
DA:119,1
DA:120,1
DA:121,1
DA:122,1
DA:123,1
DA:124,1
DA:125,1
DA:126,6
DA:127,6
DA:128,3
DA:129,3
DA:130,9
DA:131,3
DA:132,3
DA:133,9
DA:134,3
DA:135,3
DA:136,6
DA:137,6
DA:138,1
DA:139,1
DA:140,1
DA:141,1
DA:142,1
DA:143,1
DA:144,8
DA:145,8
DA:146,8
DA:147,8
DA:148,8
DA:149,8
DA:150,8
DA:151,8
DA:152,8
DA:153,8
DA:154,8
DA:155,8
DA:156,8
DA:157,8
DA:158,8
DA:159,8
DA:160,8
DA:161,8
DA:162,8
DA:163,8
DA:164,8
DA:165,8
DA:166,8
DA:167,8
DA:168,8
DA:169,8
DA:170,8
DA:171,8
DA:172,8
DA:173,8
DA:174,8
DA:175,8
DA:176,8
DA:177,8
DA:178,8
DA:179,5
DA:180,5
DA:181,5
DA:182,5
DA:183,7
DA:184,7
DA:185,5
DA:186,5
DA:187,6
DA:188,6
DA:189,5
DA:190,5
DA:191,5
DA:192,8
DA:193,8
DA:194,1
DA:195,1
DA:196,1
DA:197,1
DA:198,1
DA:199,1
DA:200,1
DA:201,1
DA:202,8
DA:203,8
DA:204,5
DA:205,5
DA:206,5
DA:207,5
DA:208,18
DA:209,47
DA:210,6
DA:211,6
DA:212,6
DA:213,6
DA:214,47
DA:215,18
DA:216,18
DA:217,18
DA:218,5
DA:219,5
DA:220,8
DA:221,8
DA:222,1
DA:223,1
DA:224,1
DA:225,1
DA:226,1
DA:227,1
DA:228,8
DA:229,8
DA:230,5
DA:231,5
DA:232,5
DA:233,5
DA:234,18
DA:235,18
DA:236,18
DA:237,65
DA:238,3
DA:239,3
DA:240,3
DA:241,65
DA:242,18
DA:243,18
DA:244,18
DA:245,5
DA:246,5
DA:247,5
DA:248,8
DA:249,8
DA:250,1
DA:251,1
DA:252,1
DA:253,1
DA:254,1
DA:255,1
DA:256,8
DA:257,8
DA:258,5
DA:259,5
DA:260,13
DA:261,13
DA:262,13
DA:263,6
DA:264,6
DA:265,6
DA:266,13
DA:267,13
DA:268,5
DA:269,5
DA:270,8
DA:271,8
DA:272,1
DA:273,1
DA:274,1
DA:275,1
DA:276,1
DA:277,1
LF:277
LH:277
BRDA:3,0,0,6
BRDA:4,1,0,4
BRDA:4,2,0,3
BRDA:6,3,0,12
BRDA:7,4,0,1
BRDA:23,5,0,6
BRDA:24,6,0,4
BRDA:24,7,0,3
BRDA:27,8,0,12
BRDA:28,9,0,4
BRDA:43,10,0,6
BRDA:44,11,0,4
BRDA:44,12,0,3
BRDA:47,13,0,9
BRDA:48,14,0,1
BRDA:65,15,0,6
BRDA:66,16,0,4
BRDA:66,17,0,3
BRDA:69,18,0,9
BRDA:70,19,0,4
BRDA:86,20,0,6
BRDA:87,21,0,4
BRDA:87,22,0,3
BRDA:90,23,0,9
BRDA:91,24,0,3
BRDA:107,25,0,8
BRDA:108,26,0,6
BRDA:108,27,0,5
BRDA:111,28,0,18
BRDA:116,29,0,3
BRDA:126,30,0,6
BRDA:127,31,0,4
BRDA:127,32,0,3
BRDA:129,33,0,9
BRDA:130,34,0,3
BRDA:144,35,0,8
BRDA:178,36,0,6
BRDA:178,37,0,5
BRDA:182,38,0,7
BRDA:186,39,0,6
BRDA:192,40,0,3
BRDA:202,41,0,8
BRDA:203,42,0,6
BRDA:203,43,0,5
BRDA:207,44,0,18
BRDA:208,45,0,47
BRDA:209,46,0,6
BRDA:220,47,0,3
BRDA:228,48,0,8
BRDA:229,49,0,6
BRDA:229,50,0,5
BRDA:233,51,0,18
BRDA:236,52,0,65
BRDA:237,53,0,3
BRDA:248,54,0,3
BRDA:256,55,0,8
BRDA:257,56,0,6
BRDA:257,57,0,5
BRDA:259,58,0,13
BRDA:262,59,0,16
BRDA:262,60,0,6
BRDA:270,61,0,3
BRF:62
BRH:62
end_of_record
TN:
SF:JS\conditionalStatements.js
FN:3,multiSum
FN:21,getQuarter
FN:49,sumPosNum
FN:77,calcExp
FN:94,getMark
FNF:5
FNH:5
FNDA:8,multiSum
FNDA:14,getQuarter
FNDA:7,sumPosNum
FNDA:7,calcExp
FNDA:9,getMark
DA:1,1
DA:2,1
DA:3,1
DA:4,8
DA:5,5
DA:6,3
DA:7,3
DA:8,5
DA:9,5
DA:10,8
DA:11,8
DA:12,1
DA:13,1
DA:14,1
DA:15,1
DA:16,1
DA:17,1
DA:18,1
DA:19,1
DA:20,1
DA:21,14
DA:22,14
DA:23,11
DA:24,10
DA:25,9
DA:26,8
DA:27,7
DA:28,6
DA:29,4
DA:30,2
DA:31,1
DA:32,11
DA:33,14
DA:34,14
DA:35,1
DA:36,1
DA:37,1
DA:38,1
DA:39,1
DA:40,1
DA:41,1
DA:42,1
DA:43,1
DA:44,1
DA:45,1
DA:46,1
DA:47,1
DA:48,1
DA:49,7
DA:50,7
DA:51,4
DA:52,4
DA:53,4
DA:54,2
DA:55,2
DA:56,4
DA:57,1
DA:58,1
DA:59,4
DA:60,0
DA:61,0
DA:62,4
DA:63,4
DA:64,4
DA:65,4
DA:66,7
DA:67,7
DA:68,1
DA:69,1
DA:70,1
DA:71,1
DA:72,1
DA:73,1
DA:74,1
DA:75,1
DA:76,1
DA:77,7
DA:78,7
DA:79,7
DA:80,4
DA:81,4
DA:82,4
DA:83,7
DA:84,7
DA:85,1
DA:86,1
DA:87,1
DA:88,1
DA:89,1
DA:90,1
DA:91,1
DA:92,1
DA:93,1
DA:94,9
DA:95,9
DA:96,8
DA:97,8
DA:98,8
DA:99,8
DA:100,8
DA:101,8
DA:102,8
DA:103,8
DA:104,8
DA:105,8
DA:106,8
DA:107,8
DA:108,8
DA:109,8
DA:110,8
DA:111,8
DA:112,8
DA:113,8
DA:114,8
DA:115,8
DA:116,8
DA:117,8
DA:118,8
DA:119,9
DA:120,9
DA:121,1
DA:122,1
DA:123,1
DA:124,1
DA:125,1
DA:126,1
DA:127,1
DA:128,1
DA:129,1
DA:130,1
DA:131,1
LF:131
LH:129
BRDA:3,0,0,8
BRDA:4,1,0,6
BRDA:4,2,0,5
BRDA:5,3,0,3
BRDA:8,4,0,2
BRDA:10,5,0,3
BRDA:21,6,0,14
BRDA:22,7,0,12
BRDA:22,8,0,11
BRDA:23,9,0,3
BRDA:23,10,0,1
BRDA:23,11,0,10
BRDA:24,12,0,4
BRDA:24,13,0,1
BRDA:24,14,0,9
BRDA:25,15,0,3
BRDA:25,16,0,1
BRDA:25,17,0,8
BRDA:26,18,0,2
BRDA:26,19,0,1
BRDA:26,20,0,7
BRDA:27,21,0,1
BRDA:27,22,0,1
BRDA:27,23,0,6
BRDA:28,24,0,4
BRDA:28,25,0,2
BRDA:28,26,0,4
BRDA:29,27,0,2
BRDA:29,28,0,2
BRDA:30,29,0,1
BRDA:33,30,0,3
BRDA:49,31,0,7
BRDA:50,32,0,5
BRDA:50,33,0,4
BRDA:50,34,0,4
BRDA:53,35,0,2
BRDA:56,36,0,1
BRDA:59,37,0,0
BRDA:63,38,0,2
BRDA:66,39,0,3
BRDA:77,40,0,7
BRDA:79,41,0,5
BRDA:79,42,0,4
BRDA:79,43,0,4
BRDA:80,44,0,0
BRDA:83,45,0,3
BRDA:94,46,0,9
BRDA:95,47,0,8
BRDA:97,48,0,1
BRDA:97,49,0,7
BRDA:100,50,0,1
BRDA:100,51,0,6
BRDA:103,52,0,1
BRDA:103,53,0,5
BRDA:106,54,0,1
BRDA:106,55,0,4
BRDA:109,56,0,1
BRDA:109,57,0,3
BRDA:112,58,0,1
BRDA:112,59,0,2
BRDA:115,60,0,2
BRDA:119,61,0,1
BRF:62
BRH:60
end_of_record
TN:
SF:JS\functions.js
FN:3,getDay
FN:40,getDistance
FN:148,getStrNum2
FN:360,getNumFromStr2
FNF:4
FNH:4
FNDA:13,getDay
FNDA:9,getDistance
FNDA:13,getStrNum2
FNDA:9,getNumFromStr2
DA:1,1
DA:2,1
DA:3,13
DA:4,13
DA:5,12
DA:6,12
DA:7,12
DA:8,12
DA:9,12
DA:10,12
DA:11,12
DA:12,12
DA:13,12
DA:14,12
DA:15,12
DA:16,12
DA:17,12
DA:18,12
DA:19,12
DA:20,12
DA:21,12
DA:22,12
DA:23,12
DA:24,12
DA:25,12
DA:26,12
DA:27,12
DA:28,12
DA:29,12
DA:30,12
DA:31,13
DA:32,13
DA:33,1
DA:34,1
DA:35,1
DA:36,1
DA:37,1
DA:38,1
DA:39,1
DA:40,9
DA:41,9
DA:42,2
DA:43,2
DA:44,7
DA:45,7
DA:46,7
DA:47,7
DA:48,7
DA:49,7
DA:50,7
DA:51,7
DA:52,7
DA:53,9
DA:54,1
DA:55,1
DA:56,1
DA:57,1
DA:58,1
DA:59,1
DA:60,1
DA:61,1
DA:62,1
DA:63,1
DA:64,1
DA:65,1
DA:66,1
DA:67,1
DA:68,1
DA:69,1
DA:70,1
DA:71,1
DA:72,1
DA:73,1
DA:74,1
DA:75,1
DA:76,1
DA:77,1
DA:78,1
DA:79,1
DA:80,1
DA:81,1
DA:82,1
DA:83,1
DA:84,1
DA:85,1
DA:86,1
DA:87,1
DA:88,1
DA:89,1
DA:90,1
DA:91,1
DA:92,1
DA:93,1
DA:94,1
DA:95,1
DA:96,1
DA:97,1
DA:98,1
DA:99,1
DA:100,1
DA:101,1
DA:102,1
DA:103,1
DA:104,1
DA:105,1
DA:106,1
DA:107,1
DA:108,1
DA:109,1
DA:110,1
DA:111,1
DA:112,1
DA:113,1
DA:114,1
DA:115,1
DA:116,1
DA:117,1
DA:118,1
DA:119,1
DA:120,1
DA:121,1
DA:122,1
DA:123,1
DA:124,1
DA:125,1
DA:126,1
DA:127,1
DA:128,1
DA:129,1
DA:130,1
DA:131,1
DA:132,1
DA:133,1
DA:134,1
DA:135,1
DA:136,1
DA:137,1
DA:138,1
DA:139,1
DA:140,1
DA:141,1
DA:142,1
DA:143,1
DA:144,1
DA:145,1
DA:146,1
DA:147,1
DA:148,13
DA:149,13
DA:150,13
DA:151,13
DA:152,13
DA:153,2
DA:154,2
DA:155,13
DA:156,2
DA:157,2
DA:158,9
DA:159,1
DA:160,1
DA:161,8
DA:162,8
DA:163,8
DA:164,8
DA:165,8
DA:166,8
DA:167,4
DA:168,4
DA:169,5
DA:170,5
DA:171,5
DA:172,4
DA:173,8
DA:174,8
DA:175,4
DA:176,4
DA:177,8
DA:178,8
DA:179,3
DA:180,3
DA:181,5
DA:182,2
DA:183,2
DA:184,3
DA:185,3
DA:186,3
DA:187,8
DA:188,8
DA:189,8
DA:190,13
DA:191,1
DA:192,1
DA:193,1
DA:194,1
DA:195,1
DA:196,1
DA:197,1
DA:198,1
DA:199,1
DA:200,1
DA:201,1
DA:202,1
DA:203,1
DA:204,1
DA:205,1
DA:206,1
DA:207,1
DA:208,1
DA:209,1
DA:210,1
DA:211,1
DA:212,1
DA:213,1
DA:214,1
DA:215,1
DA:216,1
DA:217,1
DA:218,1
DA:219,1
DA:220,1
DA:221,1
DA:222,1
DA:223,1
DA:224,1
DA:225,1
DA:226,1
DA:227,1
DA:228,1
DA:229,1
DA:230,1
DA:231,1
DA:232,1
DA:233,1
DA:234,1
DA:235,1
DA:236,1
DA:237,1
DA:238,1
DA:239,1
DA:240,1
DA:241,1
DA:242,1
DA:243,1
DA:244,1
DA:245,1
DA:246,1
DA:247,1
DA:248,1
DA:249,1
DA:250,1
DA:251,1
DA:252,1
DA:253,1
DA:254,1
DA:255,1
DA:256,1
DA:257,1
DA:258,1
DA:259,1
DA:260,1
DA:261,1
DA:262,1
DA:263,1
DA:264,1
DA:265,1
DA:266,1
DA:267,1
DA:268,1
DA:269,1
DA:270,1
DA:271,1
DA:272,1
DA:273,1
DA:274,1
DA:275,1
DA:276,1
DA:277,1
DA:278,1
DA:279,1
DA:280,1
DA:281,1
DA:282,1
DA:283,1
DA:284,1
DA:285,1
DA:286,1
DA:287,1
DA:288,1
DA:289,1
DA:290,1
DA:291,1
DA:292,1
DA:293,1
DA:294,1
DA:295,1
DA:296,1
DA:297,1
DA:298,1
DA:299,1
DA:300,1
DA:301,1
DA:302,1
DA:303,1
DA:304,1
DA:305,1
DA:306,1
DA:307,1
DA:308,1
DA:309,1
DA:310,1
DA:311,1
DA:312,1
DA:313,1
DA:314,1
DA:315,1
DA:316,1
DA:317,1
DA:318,1
DA:319,1
DA:320,1
DA:321,1
DA:322,1
DA:323,1
DA:324,1
DA:325,1
DA:326,1
DA:327,1
DA:328,1
DA:329,1
DA:330,1
DA:331,1
DA:332,1
DA:333,1
DA:334,1
DA:335,1
DA:336,1
DA:337,1
DA:338,1
DA:339,1
DA:340,1
DA:341,1
DA:342,1
DA:343,1
DA:344,1
DA:345,1
DA:346,1
DA:347,1
DA:348,1
DA:349,1
DA:350,1
DA:351,1
DA:352,1
DA:353,1
DA:354,1
DA:355,1
DA:356,1
DA:357,1
DA:358,1
DA:359,1
DA:360,9
DA:361,9
DA:362,9
DA:363,9
DA:364,9
DA:365,9
DA:366,9
DA:367,9
DA:368,2
DA:369,2
DA:370,7
DA:371,7
DA:372,9
DA:373,3
DA:374,3
DA:375,3
DA:376,7
DA:377,7
DA:378,7
DA:379,9
DA:380,12
DA:381,12
DA:382,120
DA:383,3
DA:384,3
DA:385,120
DA:386,12
DA:387,120
DA:388,2
DA:389,2
DA:390,120
DA:391,12
DA:392,120
DA:393,2
DA:394,2
DA:395,120
DA:396,12
DA:397,120
DA:398,4
DA:399,4
DA:400,120
DA:401,12
DA:402,12
DA:403,9
DA:404,1
DA:405,1
DA:406,6
DA:407,6
DA:408,1
DA:409,1
DA:410,1
DA:411,1
DA:412,1
DA:413,1
DA:414,1
DA:415,1
DA:416,1
DA:417,1
DA:418,1
DA:419,1
DA:420,1
DA:421,1
DA:422,1
LF:422
LH:422
BRDA:3,0,0,13
BRDA:4,1,0,12
BRDA:6,2,0,1
BRDA:9,3,0,2
BRDA:12,4,0,2
BRDA:15,5,0,1
BRDA:18,6,0,1
BRDA:21,7,0,1
BRDA:24,8,0,2
BRDA:27,9,0,2
BRDA:31,10,0,1
BRDA:40,11,0,9
BRDA:41,12,0,8
BRDA:41,13,0,8
BRDA:41,14,0,8
BRDA:41,15,0,7
BRDA:41,16,0,7
BRDA:41,17,0,2
BRDA:44,18,0,7
BRDA:148,19,0,13
BRDA:152,20,0,2
BRDA:155,21,0,11
BRDA:155,22,0,10
BRDA:155,23,0,2
BRDA:158,24,0,9
BRDA:158,25,0,1
BRDA:161,26,0,8
BRDA:166,27,0,4
BRDA:168,28,0,5
BRDA:174,29,0,4
BRDA:178,30,0,5
BRDA:178,31,0,3
BRDA:181,32,0,5
BRDA:181,33,0,2
BRDA:184,34,0,3
BRDA:360,35,0,9
BRDA:367,36,0,2
BRDA:370,37,0,7
BRDA:372,38,0,3
BRDA:376,39,0,7
BRDA:379,40,0,12
BRDA:381,41,0,120
BRDA:382,42,0,3
BRDA:386,43,0,120
BRDA:387,44,0,2
BRDA:391,45,0,120
BRDA:392,46,0,2
BRDA:396,47,0,120
BRDA:397,48,0,4
BRDA:403,49,0,7
BRDA:403,50,0,1
BRDA:406,51,0,6
BRF:52
BRH:52
end_of_record
TN:
SF:JS\loops.js
FN:3,getSumEven
FN:19,checkPrimeNum
FN:51,orderSelection
FN:69,binarySerch
FN:105,getFactorial
FN:125,getSumOfNum
FN:152,revNum
FNF:7
FNH:6
FNDA:0,getSumEven
FNDA:4,checkPrimeNum
FNDA:4,orderSelection
FNDA:4,binarySerch
FNDA:4,getFactorial
FNDA:3,getSumOfNum
FNDA:5,revNum
DA:1,1
DA:2,1
DA:3,0
DA:4,0
DA:5,0
DA:6,0
DA:7,0
DA:8,0
DA:9,0
DA:10,0
DA:11,0
DA:12,0
DA:13,0
DA:14,1
DA:15,1
DA:16,1
DA:17,1
DA:18,1
DA:19,4
DA:20,4
DA:21,4
DA:22,2
DA:23,2
DA:24,3
DA:25,1
DA:26,1
DA:27,3
DA:28,2
DA:29,1
DA:30,1
DA:31,2
DA:32,0
DA:33,0
DA:34,0
DA:35,2
DA:36,2
DA:37,2
DA:38,4
DA:39,4
DA:40,1
DA:41,1
DA:42,1
DA:43,1
DA:44,1
DA:45,1
DA:46,1
DA:47,1
DA:48,1
DA:49,1
DA:50,1
DA:51,4
DA:52,4
DA:53,2
DA:54,2
DA:55,5
DA:56,5
DA:57,2
DA:58,2
DA:59,4
DA:60,4
DA:61,1
DA:62,1
DA:63,1
DA:64,1
DA:65,1
DA:66,1
DA:67,1
DA:68,1
DA:69,4
DA:70,4
DA:71,2
DA:72,2
DA:73,2
DA:74,2
DA:75,5
DA:76,5
DA:77,5
DA:78,5
DA:79,5
DA:80,1
DA:81,1
DA:82,4
DA:83,5
DA:84,2
DA:85,2
DA:86,2
DA:87,2
DA:88,2
DA:89,2
DA:90,5
DA:91,1
DA:92,1
DA:93,4
DA:94,4
DA:95,1
DA:96,1
DA:97,1
DA:98,1
DA:99,1
DA:100,1
DA:101,1
DA:102,1
DA:103,1
DA:104,1
DA:105,4
DA:106,4
DA:107,2
DA:108,2
DA:109,2
DA:110,14
DA:111,14
DA:112,2
DA:113,2
DA:114,2
DA:115,4
DA:116,4
DA:117,1
DA:118,1
DA:119,1
DA:120,1
DA:121,1
DA:122,1
DA:123,1
DA:124,1
DA:125,3
DA:126,3
DA:127,1
DA:128,1
DA:129,1
DA:130,1
DA:131,1
DA:132,1
DA:133,3
DA:134,3
DA:135,3
DA:136,3
DA:137,3
DA:138,1
DA:139,1
DA:140,1
DA:141,3
DA:142,3
DA:143,1
DA:144,1
DA:145,1
DA:146,1
DA:147,1
DA:148,1
DA:149,1
DA:150,1
DA:151,1
DA:152,5
DA:153,5
DA:154,2
DA:155,2
DA:156,2
DA:157,2
DA:158,10
DA:159,10
DA:160,10
DA:161,10
DA:162,10
DA:163,2
DA:164,2
DA:165,2
DA:166,5
DA:167,5
DA:168,1
DA:169,1
DA:170,1
DA:171,1
DA:172,1
DA:173,1
DA:174,1
LF:174
LH:160
BRDA:19,0,0,4
BRDA:21,1,0,2
BRDA:23,2,0,3
BRDA:24,3,0,1
BRDA:28,4,0,1
BRDA:32,5,0,0
BRDA:51,6,0,4
BRDA:52,7,0,2
BRDA:52,8,0,2
BRDA:54,9,0,5
BRDA:69,10,0,4
BRDA:70,11,0,2
BRDA:70,12,0,2
BRDA:74,13,0,5
BRDA:79,14,0,1
BRDA:82,15,0,4
BRDA:83,16,0,2
BRDA:91,17,0,1
BRDA:105,18,0,4
BRDA:106,19,0,2
BRDA:106,20,0,2
BRDA:109,21,0,14
BRDA:125,22,0,3
BRDA:126,23,0,1
BRDA:132,24,0,3
BRDA:141,25,0,2
BRDA:152,26,0,5
BRDA:153,27,0,3
BRDA:153,28,0,2
BRDA:157,29,0,10
BRDA:166,30,0,3
BRF:31
BRH:30
end_of_record
